{"/home/noctho/dev/dogtalk-project/src/application/domain/Room.js": {"path":"/home/noctho/dev/dogtalk-project/src/application/domain/Room.js","statementMap":{"0":{"start":{"line":24,"column":8},"end":{"line":24,"column":22}},"1":{"start":{"line":25,"column":8},"end":{"line":25,"column":26}},"2":{"start":{"line":26,"column":8},"end":{"line":26,"column":28}},"3":{"start":{"line":27,"column":8},"end":{"line":27,"column":30}},"4":{"start":{"line":31,"column":15},"end":{"line":31,"column":30}},"5":{"start":{"line":32,"column":17},"end":{"line":32,"column":34}},"6":{"start":{"line":33,"column":18},"end":{"line":33,"column":36}},"7":{"start":{"line":34,"column":19},"end":{"line":34,"column":38}},"8":{"start":{"line":43,"column":8},"end":{"line":43,"column":38}},"9":{"start":{"line":53,"column":8},"end":{"line":53,"column":41}},"10":{"start":{"line":53,"column":29},"end":{"line":53,"column":41}},"11":{"start":{"line":54,"column":8},"end":{"line":54,"column":21}},"12":{"start":{"line":62,"column":28},"end":{"line":62,"column":30}},"13":{"start":{"line":63,"column":22},"end":{"line":63,"column":77}},"14":{"start":{"line":64,"column":8},"end":{"line":64,"column":83}},"15":{"start":{"line":64,"column":42},"end":{"line":64,"column":83}},"16":{"start":{"line":65,"column":8},"end":{"line":78,"column":11}},"17":{"start":{"line":66,"column":26},"end":{"line":71,"column":13}},"18":{"start":{"line":73,"column":12},"end":{"line":77,"column":15}},"19":{"start":{"line":80,"column":8},"end":{"line":80,"column":27}},"20":{"start":{"line":91,"column":8},"end":{"line":91,"column":112}},"21":{"start":{"line":91,"column":64},"end":{"line":91,"column":112}},"22":{"start":{"line":92,"column":21},"end":{"line":92,"column":85}},"23":{"start":{"line":93,"column":8},"end":{"line":93,"column":59}},"24":{"start":{"line":93,"column":19},"end":{"line":93,"column":59}},"25":{"start":{"line":95,"column":8},"end":{"line":100,"column":10}},"26":{"start":{"line":108,"column":8},"end":{"line":108,"column":67}},"27":{"start":{"line":116,"column":8},"end":{"line":116,"column":62}},"28":{"start":{"line":116,"column":23},"end":{"line":116,"column":62}},"29":{"start":{"line":117,"column":8},"end":{"line":117,"column":66}},"30":{"start":{"line":117,"column":25},"end":{"line":117,"column":66}},"31":{"start":{"line":118,"column":8},"end":{"line":118,"column":68}},"32":{"start":{"line":118,"column":26},"end":{"line":118,"column":68}},"33":{"start":{"line":119,"column":8},"end":{"line":119,"column":70}},"34":{"start":{"line":119,"column":27},"end":{"line":119,"column":70}},"35":{"start":{"line":121,"column":21},"end":{"line":121,"column":82}},"36":{"start":{"line":122,"column":8},"end":{"line":122,"column":117}},"37":{"start":{"line":122,"column":78},"end":{"line":122,"column":117}},"38":{"start":{"line":124,"column":29},"end":{"line":124,"column":101}},"39":{"start":{"line":126,"column":8},"end":{"line":126,"column":88}},"40":{"start":{"line":126,"column":27},"end":{"line":126,"column":88}}},"fnMap":{"0":{"name":"(anonymous_0)","decl":{"start":{"line":23,"column":4},"end":{"line":23,"column":5}},"loc":{"start":{"line":23,"column":41},"end":{"line":28,"column":5}},"line":23},"1":{"name":"(anonymous_1)","decl":{"start":{"line":31,"column":4},"end":{"line":31,"column":5}},"loc":{"start":{"line":31,"column":13},"end":{"line":31,"column":32}},"line":31},"2":{"name":"(anonymous_2)","decl":{"start":{"line":32,"column":4},"end":{"line":32,"column":5}},"loc":{"start":{"line":32,"column":15},"end":{"line":32,"column":36}},"line":32},"3":{"name":"(anonymous_3)","decl":{"start":{"line":33,"column":4},"end":{"line":33,"column":5}},"loc":{"start":{"line":33,"column":16},"end":{"line":33,"column":38}},"line":33},"4":{"name":"(anonymous_4)","decl":{"start":{"line":34,"column":4},"end":{"line":34,"column":5}},"loc":{"start":{"line":34,"column":17},"end":{"line":34,"column":40}},"line":34},"5":{"name":"(anonymous_5)","decl":{"start":{"line":42,"column":5},"end":{"line":42,"column":6}},"loc":{"start":{"line":42,"column":39},"end":{"line":44,"column":5}},"line":42},"6":{"name":"(anonymous_6)","decl":{"start":{"line":52,"column":4},"end":{"line":52,"column":5}},"loc":{"start":{"line":52,"column":29},"end":{"line":55,"column":5}},"line":52},"7":{"name":"(anonymous_7)","decl":{"start":{"line":61,"column":4},"end":{"line":61,"column":5}},"loc":{"start":{"line":61,"column":27},"end":{"line":81,"column":5}},"line":61},"8":{"name":"(anonymous_8)","decl":{"start":{"line":65,"column":22},"end":{"line":65,"column":23}},"loc":{"start":{"line":65,"column":30},"end":{"line":78,"column":9}},"line":65},"9":{"name":"(anonymous_9)","decl":{"start":{"line":90,"column":5},"end":{"line":90,"column":6}},"loc":{"start":{"line":90,"column":37},"end":{"line":101,"column":5}},"line":90},"10":{"name":"(anonymous_10)","decl":{"start":{"line":107,"column":4},"end":{"line":107,"column":5}},"loc":{"start":{"line":107,"column":34},"end":{"line":109,"column":5}},"line":107},"11":{"name":"(anonymous_11)","decl":{"start":{"line":115,"column":5},"end":{"line":115,"column":6}},"loc":{"start":{"line":115,"column":18},"end":{"line":127,"column":5}},"line":115}},"branchMap":{"0":{"loc":{"start":{"line":53,"column":8},"end":{"line":53,"column":41}},"type":"if","locations":[{"start":{"line":53,"column":8},"end":{"line":53,"column":41}},{"start":{},"end":{}}],"line":53},"1":{"loc":{"start":{"line":64,"column":8},"end":{"line":64,"column":83}},"type":"if","locations":[{"start":{"line":64,"column":8},"end":{"line":64,"column":83}},{"start":{},"end":{}}],"line":64},"2":{"loc":{"start":{"line":64,"column":12},"end":{"line":64,"column":40}},"type":"binary-expr","locations":[{"start":{"line":64,"column":12},"end":{"line":64,"column":18}},{"start":{"line":64,"column":22},"end":{"line":64,"column":40}}],"line":64},"3":{"loc":{"start":{"line":91,"column":8},"end":{"line":91,"column":112}},"type":"if","locations":[{"start":{"line":91,"column":8},"end":{"line":91,"column":112}},{"start":{},"end":{}}],"line":91},"4":{"loc":{"start":{"line":91,"column":12},"end":{"line":91,"column":62}},"type":"binary-expr","locations":[{"start":{"line":91,"column":12},"end":{"line":91,"column":19}},{"start":{"line":91,"column":23},"end":{"line":91,"column":43}},{"start":{"line":91,"column":47},"end":{"line":91,"column":62}}],"line":91},"5":{"loc":{"start":{"line":93,"column":8},"end":{"line":93,"column":59}},"type":"if","locations":[{"start":{"line":93,"column":8},"end":{"line":93,"column":59}},{"start":{},"end":{}}],"line":93},"6":{"loc":{"start":{"line":116,"column":8},"end":{"line":116,"column":62}},"type":"if","locations":[{"start":{"line":116,"column":8},"end":{"line":116,"column":62}},{"start":{},"end":{}}],"line":116},"7":{"loc":{"start":{"line":117,"column":8},"end":{"line":117,"column":66}},"type":"if","locations":[{"start":{"line":117,"column":8},"end":{"line":117,"column":66}},{"start":{},"end":{}}],"line":117},"8":{"loc":{"start":{"line":118,"column":8},"end":{"line":118,"column":68}},"type":"if","locations":[{"start":{"line":118,"column":8},"end":{"line":118,"column":68}},{"start":{},"end":{}}],"line":118},"9":{"loc":{"start":{"line":119,"column":8},"end":{"line":119,"column":70}},"type":"if","locations":[{"start":{"line":119,"column":8},"end":{"line":119,"column":70}},{"start":{},"end":{}}],"line":119},"10":{"loc":{"start":{"line":122,"column":8},"end":{"line":122,"column":117}},"type":"if","locations":[{"start":{"line":122,"column":8},"end":{"line":122,"column":117}},{"start":{},"end":{}}],"line":122},"11":{"loc":{"start":{"line":122,"column":12},"end":{"line":122,"column":76}},"type":"binary-expr","locations":[{"start":{"line":122,"column":12},"end":{"line":122,"column":17}},{"start":{"line":122,"column":21},"end":{"line":122,"column":39}},{"start":{"line":122,"column":43},"end":{"line":122,"column":55}},{"start":{"line":122,"column":59},"end":{"line":122,"column":76}}],"line":122},"12":{"loc":{"start":{"line":126,"column":8},"end":{"line":126,"column":88}},"type":"if","locations":[{"start":{"line":126,"column":8},"end":{"line":126,"column":88}},{"start":{},"end":{}}],"line":126}},"s":{"0":7,"1":7,"2":7,"3":7,"4":1,"5":1,"6":1,"7":1,"8":1,"9":1,"10":1,"11":0,"12":0,"13":0,"14":0,"15":0,"16":0,"17":0,"18":0,"19":0,"20":8,"21":1,"22":7,"23":7,"24":0,"25":7,"26":1,"27":2,"28":0,"29":2,"30":0,"31":2,"32":0,"33":2,"34":0,"35":2,"36":2,"37":1,"38":1,"39":1,"40":0},"f":{"0":7,"1":1,"2":1,"3":1,"4":1,"5":1,"6":1,"7":0,"8":0,"9":8,"10":1,"11":2},"b":{"0":[1,0],"1":[0,0],"2":[0,0],"3":[1,7],"4":[8,7,7],"5":[0,7],"6":[0,2],"7":[0,2],"8":[0,2],"9":[0,2],"10":[1,1],"11":[2,1,1,1],"12":[0,1]},"_coverageSchema":"1a1c01bbd47fc00a2c39e90264f33305004495a9","hash":"d0626364e78ceb2b6de3c4d153cada98bac516ae"}
,"/home/noctho/dev/dogtalk-project/src/application/domain/User.js": {"path":"/home/noctho/dev/dogtalk-project/src/application/domain/User.js","statementMap":{"0":{"start":{"line":21,"column":8},"end":{"line":21,"column":22}},"1":{"start":{"line":22,"column":8},"end":{"line":22,"column":28}},"2":{"start":{"line":23,"column":8},"end":{"line":23,"column":32}},"3":{"start":{"line":27,"column":15},"end":{"line":27,"column":30}},"4":{"start":{"line":28,"column":18},"end":{"line":28,"column":36}},"5":{"start":{"line":29,"column":20},"end":{"line":29,"column":40}},"6":{"start":{"line":39,"column":8},"end":{"line":39,"column":38}},"7":{"start":{"line":49,"column":8},"end":{"line":49,"column":41}},"8":{"start":{"line":49,"column":29},"end":{"line":49,"column":41}},"9":{"start":{"line":50,"column":8},"end":{"line":50,"column":21}},"10":{"start":{"line":61,"column":8},"end":{"line":61,"column":117}},"11":{"start":{"line":61,"column":64},"end":{"line":61,"column":117}},"12":{"start":{"line":62,"column":21},"end":{"line":62,"column":81}},"13":{"start":{"line":63,"column":8},"end":{"line":63,"column":62}},"14":{"start":{"line":63,"column":19},"end":{"line":63,"column":62}},"15":{"start":{"line":65,"column":8},"end":{"line":69,"column":10}},"16":{"start":{"line":78,"column":8},"end":{"line":78,"column":62}},"17":{"start":{"line":78,"column":23},"end":{"line":78,"column":62}},"18":{"start":{"line":79,"column":8},"end":{"line":79,"column":68}},"19":{"start":{"line":79,"column":26},"end":{"line":79,"column":68}},"20":{"start":{"line":80,"column":8},"end":{"line":80,"column":72}},"21":{"start":{"line":80,"column":28},"end":{"line":80,"column":72}},"22":{"start":{"line":82,"column":28},"end":{"line":82,"column":91}},"23":{"start":{"line":83,"column":8},"end":{"line":83,"column":70}},"24":{"start":{"line":83,"column":25},"end":{"line":83,"column":70}},"25":{"start":{"line":85,"column":8},"end":{"line":89,"column":11}},"26":{"start":{"line":94,"column":8},"end":{"line":94,"column":62}},"27":{"start":{"line":94,"column":23},"end":{"line":94,"column":62}},"28":{"start":{"line":95,"column":8},"end":{"line":95,"column":68}},"29":{"start":{"line":95,"column":26},"end":{"line":95,"column":68}},"30":{"start":{"line":96,"column":8},"end":{"line":96,"column":72}},"31":{"start":{"line":96,"column":28},"end":{"line":96,"column":72}},"32":{"start":{"line":98,"column":29},"end":{"line":98,"column":72}},"33":{"start":{"line":99,"column":8},"end":{"line":99,"column":101}},"34":{"start":{"line":99,"column":45},"end":{"line":99,"column":101}}},"fnMap":{"0":{"name":"(anonymous_0)","decl":{"start":{"line":20,"column":4},"end":{"line":20,"column":5}},"loc":{"start":{"line":20,"column":36},"end":{"line":24,"column":5}},"line":20},"1":{"name":"(anonymous_1)","decl":{"start":{"line":27,"column":4},"end":{"line":27,"column":5}},"loc":{"start":{"line":27,"column":13},"end":{"line":27,"column":32}},"line":27},"2":{"name":"(anonymous_2)","decl":{"start":{"line":28,"column":4},"end":{"line":28,"column":5}},"loc":{"start":{"line":28,"column":16},"end":{"line":28,"column":38}},"line":28},"3":{"name":"(anonymous_3)","decl":{"start":{"line":29,"column":4},"end":{"line":29,"column":5}},"loc":{"start":{"line":29,"column":18},"end":{"line":29,"column":42}},"line":29},"4":{"name":"(anonymous_4)","decl":{"start":{"line":38,"column":4},"end":{"line":38,"column":5}},"loc":{"start":{"line":38,"column":38},"end":{"line":40,"column":5}},"line":38},"5":{"name":"(anonymous_5)","decl":{"start":{"line":48,"column":4},"end":{"line":48,"column":5}},"loc":{"start":{"line":48,"column":29},"end":{"line":51,"column":5}},"line":48},"6":{"name":"(anonymous_6)","decl":{"start":{"line":60,"column":5},"end":{"line":60,"column":6}},"loc":{"start":{"line":60,"column":37},"end":{"line":70,"column":5}},"line":60},"7":{"name":"(anonymous_7)","decl":{"start":{"line":77,"column":4},"end":{"line":77,"column":5}},"loc":{"start":{"line":77,"column":17},"end":{"line":90,"column":5}},"line":77},"8":{"name":"(anonymous_8)","decl":{"start":{"line":93,"column":4},"end":{"line":93,"column":5}},"loc":{"start":{"line":93,"column":19},"end":{"line":100,"column":5}},"line":93}},"branchMap":{"0":{"loc":{"start":{"line":49,"column":8},"end":{"line":49,"column":41}},"type":"if","locations":[{"start":{"line":49,"column":8},"end":{"line":49,"column":41}},{"start":{},"end":{}}],"line":49},"1":{"loc":{"start":{"line":61,"column":8},"end":{"line":61,"column":117}},"type":"if","locations":[{"start":{"line":61,"column":8},"end":{"line":61,"column":117}},{"start":{},"end":{}}],"line":61},"2":{"loc":{"start":{"line":61,"column":12},"end":{"line":61,"column":62}},"type":"binary-expr","locations":[{"start":{"line":61,"column":12},"end":{"line":61,"column":19}},{"start":{"line":61,"column":23},"end":{"line":61,"column":43}},{"start":{"line":61,"column":47},"end":{"line":61,"column":62}}],"line":61},"3":{"loc":{"start":{"line":63,"column":8},"end":{"line":63,"column":62}},"type":"if","locations":[{"start":{"line":63,"column":8},"end":{"line":63,"column":62}},{"start":{},"end":{}}],"line":63},"4":{"loc":{"start":{"line":78,"column":8},"end":{"line":78,"column":62}},"type":"if","locations":[{"start":{"line":78,"column":8},"end":{"line":78,"column":62}},{"start":{},"end":{}}],"line":78},"5":{"loc":{"start":{"line":79,"column":8},"end":{"line":79,"column":68}},"type":"if","locations":[{"start":{"line":79,"column":8},"end":{"line":79,"column":68}},{"start":{},"end":{}}],"line":79},"6":{"loc":{"start":{"line":80,"column":8},"end":{"line":80,"column":72}},"type":"if","locations":[{"start":{"line":80,"column":8},"end":{"line":80,"column":72}},{"start":{},"end":{}}],"line":80},"7":{"loc":{"start":{"line":83,"column":8},"end":{"line":83,"column":70}},"type":"if","locations":[{"start":{"line":83,"column":8},"end":{"line":83,"column":70}},{"start":{},"end":{}}],"line":83},"8":{"loc":{"start":{"line":94,"column":8},"end":{"line":94,"column":62}},"type":"if","locations":[{"start":{"line":94,"column":8},"end":{"line":94,"column":62}},{"start":{},"end":{}}],"line":94},"9":{"loc":{"start":{"line":95,"column":8},"end":{"line":95,"column":68}},"type":"if","locations":[{"start":{"line":95,"column":8},"end":{"line":95,"column":68}},{"start":{},"end":{}}],"line":95},"10":{"loc":{"start":{"line":96,"column":8},"end":{"line":96,"column":72}},"type":"if","locations":[{"start":{"line":96,"column":8},"end":{"line":96,"column":72}},{"start":{},"end":{}}],"line":96},"11":{"loc":{"start":{"line":99,"column":8},"end":{"line":99,"column":101}},"type":"if","locations":[{"start":{"line":99,"column":8},"end":{"line":99,"column":101}},{"start":{},"end":{}}],"line":99}},"s":{"0":11,"1":11,"2":11,"3":1,"4":1,"5":0,"6":1,"7":1,"8":1,"9":0,"10":6,"11":1,"12":5,"13":5,"14":2,"15":3,"16":5,"17":1,"18":4,"19":1,"20":3,"21":1,"22":2,"23":2,"24":1,"25":1,"26":1,"27":0,"28":1,"29":0,"30":1,"31":0,"32":1,"33":1,"34":0},"f":{"0":11,"1":1,"2":1,"3":0,"4":1,"5":1,"6":6,"7":5,"8":1},"b":{"0":[1,0],"1":[1,5],"2":[6,5,5],"3":[2,3],"4":[1,4],"5":[1,3],"6":[1,2],"7":[1,1],"8":[0,1],"9":[0,1],"10":[0,1],"11":[0,1]},"_coverageSchema":"1a1c01bbd47fc00a2c39e90264f33305004495a9","hash":"43df47a7cbb7d732345d2b944a0f1ad8f74201d9"}
,"/home/noctho/dev/dogtalk-project/src/application/repository/RoomRepository.js": {"path":"/home/noctho/dev/dogtalk-project/src/application/repository/RoomRepository.js","statementMap":{"0":{"start":{"line":7,"column":8},"end":{"line":7,"column":36}},"1":{"start":{"line":17,"column":8},"end":{"line":17,"column":64}},"2":{"start":{"line":27,"column":8},"end":{"line":27,"column":65}},"3":{"start":{"line":31,"column":8},"end":{"line":31,"column":64}},"4":{"start":{"line":35,"column":8},"end":{"line":35,"column":51}},"5":{"start":{"line":39,"column":8},"end":{"line":39,"column":67}}},"fnMap":{"0":{"name":"(anonymous_0)","decl":{"start":{"line":6,"column":4},"end":{"line":6,"column":5}},"loc":{"start":{"line":6,"column":27},"end":{"line":8,"column":5}},"line":6},"1":{"name":"(anonymous_1)","decl":{"start":{"line":16,"column":4},"end":{"line":16,"column":5}},"loc":{"start":{"line":16,"column":37},"end":{"line":18,"column":5}},"line":16},"2":{"name":"(anonymous_2)","decl":{"start":{"line":26,"column":4},"end":{"line":26,"column":5}},"loc":{"start":{"line":26,"column":40},"end":{"line":28,"column":5}},"line":26},"3":{"name":"(anonymous_3)","decl":{"start":{"line":30,"column":4},"end":{"line":30,"column":5}},"loc":{"start":{"line":30,"column":29},"end":{"line":32,"column":5}},"line":30},"4":{"name":"(anonymous_4)","decl":{"start":{"line":34,"column":4},"end":{"line":34,"column":5}},"loc":{"start":{"line":34,"column":30},"end":{"line":36,"column":5}},"line":34},"5":{"name":"(anonymous_5)","decl":{"start":{"line":38,"column":4},"end":{"line":38,"column":5}},"loc":{"start":{"line":38,"column":36},"end":{"line":40,"column":5}},"line":38}},"branchMap":{},"s":{"0":1,"1":2,"2":7,"3":0,"4":0,"5":1},"f":{"0":1,"1":2,"2":7,"3":0,"4":0,"5":1},"b":{},"_coverageSchema":"1a1c01bbd47fc00a2c39e90264f33305004495a9","hash":"fa8a25b51049e8eceb7744a59e8bb4d1cd5d5ded"}
,"/home/noctho/dev/dogtalk-project/src/application/repository/UserRepository.js": {"path":"/home/noctho/dev/dogtalk-project/src/application/repository/UserRepository.js","statementMap":{"0":{"start":{"line":7,"column":8},"end":{"line":7,"column":36}},"1":{"start":{"line":15,"column":8},"end":{"line":15,"column":41}},"2":{"start":{"line":25,"column":8},"end":{"line":25,"column":64}},"3":{"start":{"line":35,"column":8},"end":{"line":35,"column":65}},"4":{"start":{"line":40,"column":8},"end":{"line":40,"column":64}}},"fnMap":{"0":{"name":"(anonymous_0)","decl":{"start":{"line":6,"column":4},"end":{"line":6,"column":5}},"loc":{"start":{"line":6,"column":27},"end":{"line":8,"column":5}},"line":6},"1":{"name":"(anonymous_1)","decl":{"start":{"line":14,"column":4},"end":{"line":14,"column":5}},"loc":{"start":{"line":14,"column":27},"end":{"line":16,"column":5}},"line":14},"2":{"name":"(anonymous_2)","decl":{"start":{"line":24,"column":4},"end":{"line":24,"column":5}},"loc":{"start":{"line":24,"column":37},"end":{"line":26,"column":5}},"line":24},"3":{"name":"(anonymous_3)","decl":{"start":{"line":34,"column":4},"end":{"line":34,"column":5}},"loc":{"start":{"line":34,"column":40},"end":{"line":36,"column":5}},"line":34},"4":{"name":"(anonymous_4)","decl":{"start":{"line":39,"column":4},"end":{"line":39,"column":5}},"loc":{"start":{"line":39,"column":29},"end":{"line":41,"column":5}},"line":39}},"branchMap":{},"s":{"0":1,"1":1,"2":2,"3":5,"4":1},"f":{"0":1,"1":1,"2":2,"3":5,"4":1},"b":{},"_coverageSchema":"1a1c01bbd47fc00a2c39e90264f33305004495a9","hash":"62f2868feaca9695b27a71b8d252f14269534eb4"}
,"/home/noctho/dev/dogtalk-project/src/jobs/log.js": {"path":"/home/noctho/dev/dogtalk-project/src/jobs/log.js","statementMap":{"0":{"start":{"line":2,"column":12},"end":{"line":2,"column":23}},"1":{"start":{"line":10,"column":8},"end":{"line":14,"column":11}},"2":{"start":{"line":23,"column":8},"end":{"line":23,"column":101}},"3":{"start":{"line":33,"column":8},"end":{"line":33,"column":109}},"4":{"start":{"line":43,"column":8},"end":{"line":43,"column":60}},"5":{"start":{"line":44,"column":8},"end":{"line":128,"column":9}},"6":{"start":{"line":46,"column":16},"end":{"line":62,"column":17}},"7":{"start":{"line":48,"column":24},"end":{"line":48,"column":172}},"8":{"start":{"line":49,"column":24},"end":{"line":49,"column":30}},"9":{"start":{"line":51,"column":24},"end":{"line":51,"column":172}},"10":{"start":{"line":52,"column":24},"end":{"line":52,"column":30}},"11":{"start":{"line":54,"column":24},"end":{"line":54,"column":170}},"12":{"start":{"line":55,"column":24},"end":{"line":55,"column":30}},"13":{"start":{"line":57,"column":24},"end":{"line":57,"column":170}},"14":{"start":{"line":58,"column":24},"end":{"line":58,"column":30}},"15":{"start":{"line":60,"column":24},"end":{"line":60,"column":167}},"16":{"start":{"line":61,"column":24},"end":{"line":61,"column":30}},"17":{"start":{"line":63,"column":16},"end":{"line":63,"column":22}},"18":{"start":{"line":66,"column":16},"end":{"line":82,"column":17}},"19":{"start":{"line":68,"column":24},"end":{"line":68,"column":174}},"20":{"start":{"line":69,"column":24},"end":{"line":69,"column":30}},"21":{"start":{"line":71,"column":24},"end":{"line":71,"column":174}},"22":{"start":{"line":72,"column":24},"end":{"line":72,"column":30}},"23":{"start":{"line":74,"column":24},"end":{"line":74,"column":172}},"24":{"start":{"line":75,"column":24},"end":{"line":75,"column":30}},"25":{"start":{"line":77,"column":24},"end":{"line":77,"column":172}},"26":{"start":{"line":78,"column":24},"end":{"line":78,"column":30}},"27":{"start":{"line":80,"column":24},"end":{"line":80,"column":169}},"28":{"start":{"line":81,"column":24},"end":{"line":81,"column":30}},"29":{"start":{"line":83,"column":16},"end":{"line":83,"column":22}},"30":{"start":{"line":86,"column":16},"end":{"line":102,"column":17}},"31":{"start":{"line":88,"column":24},"end":{"line":88,"column":173}},"32":{"start":{"line":89,"column":24},"end":{"line":89,"column":30}},"33":{"start":{"line":91,"column":24},"end":{"line":91,"column":173}},"34":{"start":{"line":92,"column":24},"end":{"line":92,"column":30}},"35":{"start":{"line":94,"column":24},"end":{"line":94,"column":171}},"36":{"start":{"line":95,"column":24},"end":{"line":95,"column":30}},"37":{"start":{"line":97,"column":24},"end":{"line":97,"column":171}},"38":{"start":{"line":98,"column":24},"end":{"line":98,"column":30}},"39":{"start":{"line":100,"column":24},"end":{"line":100,"column":168}},"40":{"start":{"line":101,"column":24},"end":{"line":101,"column":30}},"41":{"start":{"line":103,"column":16},"end":{"line":103,"column":22}},"42":{"start":{"line":106,"column":16},"end":{"line":122,"column":17}},"43":{"start":{"line":108,"column":24},"end":{"line":108,"column":170}},"44":{"start":{"line":109,"column":24},"end":{"line":109,"column":30}},"45":{"start":{"line":111,"column":24},"end":{"line":111,"column":170}},"46":{"start":{"line":112,"column":24},"end":{"line":112,"column":30}},"47":{"start":{"line":114,"column":24},"end":{"line":114,"column":168}},"48":{"start":{"line":115,"column":24},"end":{"line":115,"column":30}},"49":{"start":{"line":117,"column":24},"end":{"line":117,"column":168}},"50":{"start":{"line":118,"column":24},"end":{"line":118,"column":30}},"51":{"start":{"line":120,"column":24},"end":{"line":120,"column":165}},"52":{"start":{"line":121,"column":24},"end":{"line":121,"column":30}},"53":{"start":{"line":123,"column":16},"end":{"line":123,"column":22}},"54":{"start":{"line":126,"column":16},"end":{"line":126,"column":136}},"55":{"start":{"line":127,"column":16},"end":{"line":127,"column":22}}},"fnMap":{"0":{"name":"(anonymous_0)","decl":{"start":{"line":9,"column":4},"end":{"line":9,"column":5}},"loc":{"start":{"line":9,"column":30},"end":{"line":15,"column":5}},"line":9},"1":{"name":"(anonymous_1)","decl":{"start":{"line":22,"column":4},"end":{"line":22,"column":5}},"loc":{"start":{"line":22,"column":38},"end":{"line":24,"column":5}},"line":22},"2":{"name":"(anonymous_2)","decl":{"start":{"line":32,"column":4},"end":{"line":32,"column":5}},"loc":{"start":{"line":32,"column":34},"end":{"line":34,"column":5}},"line":32},"3":{"name":"(anonymous_3)","decl":{"start":{"line":42,"column":4},"end":{"line":42,"column":5}},"loc":{"start":{"line":42,"column":45},"end":{"line":129,"column":5}},"line":42}},"branchMap":{"0":{"loc":{"start":{"line":43,"column":17},"end":{"line":43,"column":59}},"type":"cond-expr","locations":[{"start":{"line":43,"column":27},"end":{"line":43,"column":36}},{"start":{"line":43,"column":39},"end":{"line":43,"column":59}}],"line":43},"1":{"loc":{"start":{"line":44,"column":8},"end":{"line":128,"column":9}},"type":"switch","locations":[{"start":{"line":45,"column":12},"end":{"line":63,"column":22}},{"start":{"line":65,"column":12},"end":{"line":83,"column":22}},{"start":{"line":85,"column":12},"end":{"line":103,"column":22}},{"start":{"line":105,"column":12},"end":{"line":123,"column":22}},{"start":{"line":125,"column":12},"end":{"line":127,"column":22}}],"line":44},"2":{"loc":{"start":{"line":46,"column":16},"end":{"line":62,"column":17}},"type":"switch","locations":[{"start":{"line":47,"column":20},"end":{"line":49,"column":30}},{"start":{"line":50,"column":20},"end":{"line":52,"column":30}},{"start":{"line":53,"column":20},"end":{"line":55,"column":30}},{"start":{"line":56,"column":20},"end":{"line":58,"column":30}},{"start":{"line":59,"column":20},"end":{"line":61,"column":30}}],"line":46},"3":{"loc":{"start":{"line":66,"column":16},"end":{"line":82,"column":17}},"type":"switch","locations":[{"start":{"line":67,"column":20},"end":{"line":69,"column":30}},{"start":{"line":70,"column":20},"end":{"line":72,"column":30}},{"start":{"line":73,"column":20},"end":{"line":75,"column":30}},{"start":{"line":76,"column":20},"end":{"line":78,"column":30}},{"start":{"line":79,"column":20},"end":{"line":81,"column":30}}],"line":66},"4":{"loc":{"start":{"line":86,"column":16},"end":{"line":102,"column":17}},"type":"switch","locations":[{"start":{"line":87,"column":20},"end":{"line":89,"column":30}},{"start":{"line":90,"column":20},"end":{"line":92,"column":30}},{"start":{"line":93,"column":20},"end":{"line":95,"column":30}},{"start":{"line":96,"column":20},"end":{"line":98,"column":30}},{"start":{"line":99,"column":20},"end":{"line":101,"column":30}}],"line":86},"5":{"loc":{"start":{"line":106,"column":16},"end":{"line":122,"column":17}},"type":"switch","locations":[{"start":{"line":107,"column":20},"end":{"line":109,"column":30}},{"start":{"line":110,"column":20},"end":{"line":112,"column":30}},{"start":{"line":113,"column":20},"end":{"line":115,"column":30}},{"start":{"line":116,"column":20},"end":{"line":118,"column":30}},{"start":{"line":119,"column":20},"end":{"line":121,"column":30}}],"line":106}},"s":{"0":2,"1":0,"2":0,"3":0,"4":0,"5":0,"6":0,"7":0,"8":0,"9":0,"10":0,"11":0,"12":0,"13":0,"14":0,"15":0,"16":0,"17":0,"18":0,"19":0,"20":0,"21":0,"22":0,"23":0,"24":0,"25":0,"26":0,"27":0,"28":0,"29":0,"30":0,"31":0,"32":0,"33":0,"34":0,"35":0,"36":0,"37":0,"38":0,"39":0,"40":0,"41":0,"42":0,"43":0,"44":0,"45":0,"46":0,"47":0,"48":0,"49":0,"50":0,"51":0,"52":0,"53":0,"54":0,"55":0},"f":{"0":0,"1":0,"2":0,"3":0},"b":{"0":[0,0],"1":[0,0,0,0,0],"2":[0,0,0,0,0],"3":[0,0,0,0,0],"4":[0,0,0,0,0],"5":[0,0,0,0,0]},"_coverageSchema":"1a1c01bbd47fc00a2c39e90264f33305004495a9","hash":"1edcf5529e0a48756646925b718bc050ddabb008"}
,"/home/noctho/dev/dogtalk-project/src/tests/application/domain/EntityModel/RoomModelTest.js": {"path":"/home/noctho/dev/dogtalk-project/src/tests/application/domain/EntityModel/RoomModelTest.js","statementMap":{"0":{"start":{"line":3,"column":8},"end":{"line":20,"column":10}},"1":{"start":{"line":25,"column":8},"end":{"line":29,"column":11}},"2":{"start":{"line":26,"column":12},"end":{"line":28,"column":15}},"3":{"start":{"line":27,"column":16},"end":{"line":27,"column":63}},"4":{"start":{"line":27,"column":48},"end":{"line":27,"column":63}},"5":{"start":{"line":30,"column":8},"end":{"line":30,"column":23}},"6":{"start":{"line":34,"column":8},"end":{"line":34,"column":61}},"7":{"start":{"line":34,"column":40},"end":{"line":34,"column":59}},"8":{"start":{"line":38,"column":8},"end":{"line":38,"column":27}},"9":{"start":{"line":42,"column":21},"end":{"line":42,"column":26}},"10":{"start":{"line":43,"column":8},"end":{"line":52,"column":11}},"11":{"start":{"line":44,"column":12},"end":{"line":51,"column":15}},"12":{"start":{"line":45,"column":16},"end":{"line":50,"column":17}},"13":{"start":{"line":46,"column":20},"end":{"line":46,"column":34}},"14":{"start":{"line":47,"column":20},"end":{"line":49,"column":23}},"15":{"start":{"line":48,"column":24},"end":{"line":48,"column":55}},"16":{"start":{"line":54,"column":8},"end":{"line":54,"column":22}}},"fnMap":{"0":{"name":"(anonymous_0)","decl":{"start":{"line":2,"column":4},"end":{"line":2,"column":5}},"loc":{"start":{"line":2,"column":18},"end":{"line":21,"column":5}},"line":2},"1":{"name":"(anonymous_1)","decl":{"start":{"line":23,"column":4},"end":{"line":23,"column":5}},"loc":{"start":{"line":23,"column":25},"end":{"line":31,"column":5}},"line":23},"2":{"name":"(anonymous_2)","decl":{"start":{"line":25,"column":28},"end":{"line":25,"column":29}},"loc":{"start":{"line":25,"column":36},"end":{"line":29,"column":9}},"line":25},"3":{"name":"(anonymous_3)","decl":{"start":{"line":26,"column":39},"end":{"line":26,"column":40}},"loc":{"start":{"line":26,"column":47},"end":{"line":28,"column":13}},"line":26},"4":{"name":"(anonymous_4)","decl":{"start":{"line":33,"column":4},"end":{"line":33,"column":5}},"loc":{"start":{"line":33,"column":27},"end":{"line":35,"column":5}},"line":33},"5":{"name":"(anonymous_5)","decl":{"start":{"line":34,"column":32},"end":{"line":34,"column":33}},"loc":{"start":{"line":34,"column":40},"end":{"line":34,"column":59}},"line":34},"6":{"name":"(anonymous_6)","decl":{"start":{"line":37,"column":4},"end":{"line":37,"column":5}},"loc":{"start":{"line":37,"column":20},"end":{"line":39,"column":5}},"line":37},"7":{"name":"(anonymous_7)","decl":{"start":{"line":41,"column":4},"end":{"line":41,"column":5}},"loc":{"start":{"line":41,"column":39},"end":{"line":55,"column":5}},"line":41},"8":{"name":"(anonymous_8)","decl":{"start":{"line":43,"column":28},"end":{"line":43,"column":29}},"loc":{"start":{"line":43,"column":36},"end":{"line":52,"column":9}},"line":43},"9":{"name":"(anonymous_9)","decl":{"start":{"line":44,"column":43},"end":{"line":44,"column":44}},"loc":{"start":{"line":44,"column":51},"end":{"line":51,"column":13}},"line":44},"10":{"name":"(anonymous_10)","decl":{"start":{"line":47,"column":49},"end":{"line":47,"column":50}},"loc":{"start":{"line":47,"column":59},"end":{"line":49,"column":21}},"line":47}},"branchMap":{"0":{"loc":{"start":{"line":27,"column":16},"end":{"line":27,"column":63}},"type":"if","locations":[{"start":{"line":27,"column":16},"end":{"line":27,"column":63}},{"start":{},"end":{}}],"line":27},"1":{"loc":{"start":{"line":45,"column":16},"end":{"line":50,"column":17}},"type":"if","locations":[{"start":{"line":45,"column":16},"end":{"line":50,"column":17}},{"start":{},"end":{}}],"line":45}},"s":{"0":1,"1":2,"2":8,"3":8,"4":1,"5":2,"6":7,"7":7,"8":0,"9":1,"10":1,"11":4,"12":4,"13":1,"14":1,"15":1,"16":1},"f":{"0":1,"1":2,"2":8,"3":8,"4":7,"5":7,"6":0,"7":1,"8":4,"9":4,"10":1},"b":{"0":[1,7],"1":[1,3]},"_coverageSchema":"1a1c01bbd47fc00a2c39e90264f33305004495a9","hash":"456e7eebaca791b6d6ce77c83dc9162667cc2c82"}
,"/home/noctho/dev/dogtalk-project/src/tests/application/domain/EntityModel/UserModelTest.js": {"path":"/home/noctho/dev/dogtalk-project/src/tests/application/domain/EntityModel/UserModelTest.js","statementMap":{"0":{"start":{"line":3,"column":8},"end":{"line":3,"column":93}},"1":{"start":{"line":8,"column":8},"end":{"line":12,"column":11}},"2":{"start":{"line":9,"column":12},"end":{"line":11,"column":15}},"3":{"start":{"line":10,"column":16},"end":{"line":10,"column":63}},"4":{"start":{"line":10,"column":48},"end":{"line":10,"column":63}},"5":{"start":{"line":13,"column":8},"end":{"line":13,"column":23}},"6":{"start":{"line":17,"column":8},"end":{"line":17,"column":32}},"7":{"start":{"line":21,"column":8},"end":{"line":21,"column":61}},"8":{"start":{"line":21,"column":40},"end":{"line":21,"column":59}},"9":{"start":{"line":25,"column":21},"end":{"line":25,"column":68}},"10":{"start":{"line":25,"column":46},"end":{"line":25,"column":67}},"11":{"start":{"line":26,"column":8},"end":{"line":26,"column":46}},"12":{"start":{"line":26,"column":19},"end":{"line":26,"column":46}},"13":{"start":{"line":27,"column":8},"end":{"line":27,"column":57}},"14":{"start":{"line":28,"column":8},"end":{"line":28,"column":35}}},"fnMap":{"0":{"name":"(anonymous_0)","decl":{"start":{"line":2,"column":4},"end":{"line":2,"column":5}},"loc":{"start":{"line":2,"column":18},"end":{"line":4,"column":5}},"line":2},"1":{"name":"(anonymous_1)","decl":{"start":{"line":6,"column":4},"end":{"line":6,"column":5}},"loc":{"start":{"line":6,"column":25},"end":{"line":14,"column":5}},"line":6},"2":{"name":"(anonymous_2)","decl":{"start":{"line":8,"column":28},"end":{"line":8,"column":29}},"loc":{"start":{"line":8,"column":36},"end":{"line":12,"column":9}},"line":8},"3":{"name":"(anonymous_3)","decl":{"start":{"line":9,"column":39},"end":{"line":9,"column":40}},"loc":{"start":{"line":9,"column":47},"end":{"line":11,"column":13}},"line":9},"4":{"name":"(anonymous_4)","decl":{"start":{"line":16,"column":4},"end":{"line":16,"column":5}},"loc":{"start":{"line":16,"column":24},"end":{"line":18,"column":5}},"line":16},"5":{"name":"(anonymous_5)","decl":{"start":{"line":20,"column":4},"end":{"line":20,"column":5}},"loc":{"start":{"line":20,"column":27},"end":{"line":22,"column":5}},"line":20},"6":{"name":"(anonymous_6)","decl":{"start":{"line":21,"column":32},"end":{"line":21,"column":33}},"loc":{"start":{"line":21,"column":40},"end":{"line":21,"column":59}},"line":21},"7":{"name":"(anonymous_7)","decl":{"start":{"line":24,"column":4},"end":{"line":24,"column":5}},"loc":{"start":{"line":24,"column":26},"end":{"line":29,"column":5}},"line":24},"8":{"name":"(anonymous_8)","decl":{"start":{"line":25,"column":38},"end":{"line":25,"column":39}},"loc":{"start":{"line":25,"column":46},"end":{"line":25,"column":67}},"line":25}},"branchMap":{"0":{"loc":{"start":{"line":10,"column":16},"end":{"line":10,"column":63}},"type":"if","locations":[{"start":{"line":10,"column":16},"end":{"line":10,"column":63}},{"start":{},"end":{}}],"line":10},"1":{"loc":{"start":{"line":26,"column":8},"end":{"line":26,"column":46}},"type":"if","locations":[{"start":{"line":26,"column":8},"end":{"line":26,"column":46}},{"start":{},"end":{}}],"line":26}},"s":{"0":1,"1":2,"2":3,"3":3,"4":1,"5":2,"6":1,"7":5,"8":7,"9":1,"10":1,"11":1,"12":0,"13":1,"14":1},"f":{"0":1,"1":2,"2":3,"3":3,"4":1,"5":5,"6":7,"7":1,"8":1},"b":{"0":[1,2],"1":[0,1]},"_coverageSchema":"1a1c01bbd47fc00a2c39e90264f33305004495a9","hash":"6071ba14f32e20f7dd4a2052e17266b0d608c494"}
}
