{"/home/noctho/dev/dogtalk-project/src/application/domain/CanineProfile.js": {"path":"/home/noctho/dev/dogtalk-project/src/application/domain/CanineProfile.js","statementMap":{"0":{"start":{"line":21,"column":15},"end":{"line":21,"column":30}},"1":{"start":{"line":22,"column":18},"end":{"line":22,"column":36}},"2":{"start":{"line":23,"column":21},"end":{"line":23,"column":42}},"3":{"start":{"line":24,"column":30},"end":{"line":24,"column":60}},"4":{"start":{"line":34,"column":8},"end":{"line":34,"column":47}},"5":{"start":{"line":44,"column":8},"end":{"line":44,"column":53}},"6":{"start":{"line":53,"column":8},"end":{"line":53,"column":37}},"7":{"start":{"line":63,"column":8},"end":{"line":63,"column":48}},"8":{"start":{"line":74,"column":25},"end":{"line":74,"column":62}},"9":{"start":{"line":75,"column":18},"end":{"line":75,"column":22}},"10":{"start":{"line":76,"column":17},"end":{"line":76,"column":22}},"11":{"start":{"line":77,"column":17},"end":{"line":77,"column":19}},"12":{"start":{"line":78,"column":35},"end":{"line":78,"column":37}},"13":{"start":{"line":80,"column":8},"end":{"line":107,"column":9}},"14":{"start":{"line":82,"column":38},"end":{"line":82,"column":106}},"15":{"start":{"line":83,"column":12},"end":{"line":83,"column":142}},"16":{"start":{"line":83,"column":88},"end":{"line":83,"column":142}},"17":{"start":{"line":85,"column":12},"end":{"line":85,"column":93}},"18":{"start":{"line":85,"column":73},"end":{"line":85,"column":91}},"19":{"start":{"line":87,"column":12},"end":{"line":87,"column":54}},"20":{"start":{"line":89,"column":12},"end":{"line":93,"column":70}},"21":{"start":{"line":90,"column":16},"end":{"line":90,"column":113}},"22":{"start":{"line":91,"column":16},"end":{"line":91,"column":69}},"23":{"start":{"line":97,"column":28},"end":{"line":97,"column":103}},"24":{"start":{"line":98,"column":31},"end":{"line":98,"column":97}},"25":{"start":{"line":99,"column":12},"end":{"line":99,"column":139}},"26":{"start":{"line":99,"column":86},"end":{"line":99,"column":139}},"27":{"start":{"line":101,"column":12},"end":{"line":101,"column":87}},"28":{"start":{"line":103,"column":12},"end":{"line":103,"column":44}},"29":{"start":{"line":106,"column":12},"end":{"line":106,"column":22}},"30":{"start":{"line":117,"column":35},"end":{"line":117,"column":80}},"31":{"start":{"line":118,"column":24},"end":{"line":118,"column":43}},"32":{"start":{"line":120,"column":8},"end":{"line":120,"column":62}},"33":{"start":{"line":121,"column":8},"end":{"line":121,"column":86}},"34":{"start":{"line":122,"column":8},"end":{"line":122,"column":43}},"35":{"start":{"line":124,"column":8},"end":{"line":124,"column":29}},"36":{"start":{"line":129,"column":8},"end":{"line":129,"column":215}},"37":{"start":{"line":129,"column":142},"end":{"line":129,"column":215}},"38":{"start":{"line":130,"column":23},"end":{"line":130,"column":109}},"39":{"start":{"line":131,"column":8},"end":{"line":131,"column":70}},"40":{"start":{"line":131,"column":21},"end":{"line":131,"column":70}},"41":{"start":{"line":133,"column":30},"end":{"line":133,"column":49}},"42":{"start":{"line":135,"column":8},"end":{"line":135,"column":39}},"43":{"start":{"line":136,"column":8},"end":{"line":136,"column":44}},"44":{"start":{"line":137,"column":8},"end":{"line":137,"column":50}},"45":{"start":{"line":138,"column":8},"end":{"line":138,"column":68}},"46":{"start":{"line":140,"column":8},"end":{"line":140,"column":29}},"47":{"start":{"line":149,"column":8},"end":{"line":149,"column":68}},"48":{"start":{"line":149,"column":26},"end":{"line":149,"column":68}},"49":{"start":{"line":150,"column":8},"end":{"line":150,"column":74}},"50":{"start":{"line":150,"column":29},"end":{"line":150,"column":74}},"51":{"start":{"line":151,"column":8},"end":{"line":151,"column":92}},"52":{"start":{"line":151,"column":38},"end":{"line":151,"column":92}},"53":{"start":{"line":153,"column":30},"end":{"line":153,"column":126}},"54":{"start":{"line":155,"column":8},"end":{"line":168,"column":9}},"55":{"start":{"line":156,"column":33},"end":{"line":156,"column":182}},"56":{"start":{"line":157,"column":12},"end":{"line":157,"column":101}},"57":{"start":{"line":157,"column":31},"end":{"line":157,"column":101}},"58":{"start":{"line":160,"column":12},"end":{"line":164,"column":15}},"59":{"start":{"line":166,"column":36},"end":{"line":166,"column":132}},"60":{"start":{"line":167,"column":12},"end":{"line":167,"column":64}},"61":{"start":{"line":167,"column":33},"end":{"line":167,"column":64}},"62":{"start":{"line":173,"column":8},"end":{"line":173,"column":62}},"63":{"start":{"line":173,"column":23},"end":{"line":173,"column":62}},"64":{"start":{"line":174,"column":8},"end":{"line":174,"column":68}},"65":{"start":{"line":174,"column":26},"end":{"line":174,"column":68}},"66":{"start":{"line":175,"column":8},"end":{"line":175,"column":74}},"67":{"start":{"line":175,"column":29},"end":{"line":175,"column":74}},"68":{"start":{"line":177,"column":29},"end":{"line":177,"column":81}},"69":{"start":{"line":178,"column":8},"end":{"line":178,"column":107}},"70":{"start":{"line":178,"column":45},"end":{"line":178,"column":107}}},"fnMap":{"0":{"name":"(anonymous_0)","decl":{"start":{"line":21,"column":4},"end":{"line":21,"column":5}},"loc":{"start":{"line":21,"column":13},"end":{"line":21,"column":32}},"line":21},"1":{"name":"(anonymous_1)","decl":{"start":{"line":22,"column":4},"end":{"line":22,"column":5}},"loc":{"start":{"line":22,"column":16},"end":{"line":22,"column":38}},"line":22},"2":{"name":"(anonymous_2)","decl":{"start":{"line":23,"column":4},"end":{"line":23,"column":5}},"loc":{"start":{"line":23,"column":19},"end":{"line":23,"column":44}},"line":23},"3":{"name":"(anonymous_3)","decl":{"start":{"line":24,"column":4},"end":{"line":24,"column":5}},"loc":{"start":{"line":24,"column":28},"end":{"line":24,"column":62}},"line":24},"4":{"name":"(anonymous_4)","decl":{"start":{"line":33,"column":5},"end":{"line":33,"column":6}},"loc":{"start":{"line":33,"column":39},"end":{"line":35,"column":5}},"line":33},"5":{"name":"(anonymous_5)","decl":{"start":{"line":43,"column":5},"end":{"line":43,"column":6}},"loc":{"start":{"line":43,"column":30},"end":{"line":45,"column":5}},"line":43},"6":{"name":"(anonymous_6)","decl":{"start":{"line":52,"column":4},"end":{"line":52,"column":5}},"loc":{"start":{"line":52,"column":28},"end":{"line":54,"column":5}},"line":52},"7":{"name":"(anonymous_7)","decl":{"start":{"line":62,"column":5},"end":{"line":62,"column":6}},"loc":{"start":{"line":62,"column":25},"end":{"line":64,"column":5}},"line":62},"8":{"name":"(anonymous_8)","decl":{"start":{"line":85,"column":64},"end":{"line":85,"column":65}},"loc":{"start":{"line":85,"column":73},"end":{"line":85,"column":91}},"line":85},"9":{"name":"(anonymous_9)","decl":{"start":{"line":115,"column":4},"end":{"line":115,"column":5}},"loc":{"start":{"line":115,"column":40},"end":{"line":125,"column":5}},"line":115},"10":{"name":"(anonymous_10)","decl":{"start":{"line":128,"column":4},"end":{"line":128,"column":5}},"loc":{"start":{"line":128,"column":38},"end":{"line":141,"column":5}},"line":128},"11":{"name":"(anonymous_11)","decl":{"start":{"line":148,"column":4},"end":{"line":148,"column":5}},"loc":{"start":{"line":148,"column":17},"end":{"line":169,"column":5}},"line":148},"12":{"name":"(anonymous_12)","decl":{"start":{"line":172,"column":4},"end":{"line":172,"column":5}},"loc":{"start":{"line":172,"column":19},"end":{"line":179,"column":5}},"line":172}},"branchMap":{"0":{"loc":{"start":{"line":44,"column":15},"end":{"line":44,"column":52}},"type":"cond-expr","locations":[{"start":{"line":44,"column":42},"end":{"line":44,"column":46}},{"start":{"line":44,"column":47},"end":{"line":44,"column":52}}],"line":44},"1":{"loc":{"start":{"line":63,"column":15},"end":{"line":63,"column":47}},"type":"cond-expr","locations":[{"start":{"line":63,"column":37},"end":{"line":63,"column":41}},{"start":{"line":63,"column":42},"end":{"line":63,"column":47}}],"line":63},"2":{"loc":{"start":{"line":83,"column":12},"end":{"line":83,"column":142}},"type":"if","locations":[{"start":{"line":83,"column":12},"end":{"line":83,"column":142}},{"start":{},"end":{}}],"line":83},"3":{"loc":{"start":{"line":83,"column":16},"end":{"line":83,"column":86}},"type":"binary-expr","locations":[{"start":{"line":83,"column":16},"end":{"line":83,"column":39}},{"start":{"line":83,"column":43},"end":{"line":83,"column":86}}],"line":83},"4":{"loc":{"start":{"line":99,"column":12},"end":{"line":99,"column":139}},"type":"if","locations":[{"start":{"line":99,"column":12},"end":{"line":99,"column":139}},{"start":{},"end":{}}],"line":99},"5":{"loc":{"start":{"line":99,"column":16},"end":{"line":99,"column":84}},"type":"binary-expr","locations":[{"start":{"line":99,"column":16},"end":{"line":99,"column":38}},{"start":{"line":99,"column":42},"end":{"line":99,"column":84}}],"line":99},"6":{"loc":{"start":{"line":129,"column":8},"end":{"line":129,"column":215}},"type":"if","locations":[{"start":{"line":129,"column":8},"end":{"line":129,"column":215}},{"start":{},"end":{}}],"line":129},"7":{"loc":{"start":{"line":129,"column":12},"end":{"line":129,"column":140}},"type":"binary-expr","locations":[{"start":{"line":129,"column":12},"end":{"line":129,"column":18}},{"start":{"line":129,"column":22},"end":{"line":129,"column":47}},{"start":{"line":129,"column":51},"end":{"line":129,"column":79}},{"start":{"line":129,"column":83},"end":{"line":129,"column":108}},{"start":{"line":129,"column":112},"end":{"line":129,"column":140}}],"line":129},"8":{"loc":{"start":{"line":131,"column":8},"end":{"line":131,"column":70}},"type":"if","locations":[{"start":{"line":131,"column":8},"end":{"line":131,"column":70}},{"start":{},"end":{}}],"line":131},"9":{"loc":{"start":{"line":149,"column":8},"end":{"line":149,"column":68}},"type":"if","locations":[{"start":{"line":149,"column":8},"end":{"line":149,"column":68}},{"start":{},"end":{}}],"line":149},"10":{"loc":{"start":{"line":150,"column":8},"end":{"line":150,"column":74}},"type":"if","locations":[{"start":{"line":150,"column":8},"end":{"line":150,"column":74}},{"start":{},"end":{}}],"line":150},"11":{"loc":{"start":{"line":151,"column":8},"end":{"line":151,"column":92}},"type":"if","locations":[{"start":{"line":151,"column":8},"end":{"line":151,"column":92}},{"start":{},"end":{}}],"line":151},"12":{"loc":{"start":{"line":155,"column":8},"end":{"line":168,"column":9}},"type":"if","locations":[{"start":{"line":155,"column":8},"end":{"line":168,"column":9}},{"start":{"line":159,"column":15},"end":{"line":168,"column":9}}],"line":155},"13":{"loc":{"start":{"line":157,"column":12},"end":{"line":157,"column":101}},"type":"if","locations":[{"start":{"line":157,"column":12},"end":{"line":157,"column":101}},{"start":{},"end":{}}],"line":157},"14":{"loc":{"start":{"line":167,"column":12},"end":{"line":167,"column":64}},"type":"if","locations":[{"start":{"line":167,"column":12},"end":{"line":167,"column":64}},{"start":{},"end":{}}],"line":167},"15":{"loc":{"start":{"line":173,"column":8},"end":{"line":173,"column":62}},"type":"if","locations":[{"start":{"line":173,"column":8},"end":{"line":173,"column":62}},{"start":{},"end":{}}],"line":173},"16":{"loc":{"start":{"line":174,"column":8},"end":{"line":174,"column":68}},"type":"if","locations":[{"start":{"line":174,"column":8},"end":{"line":174,"column":68}},{"start":{},"end":{}}],"line":174},"17":{"loc":{"start":{"line":175,"column":8},"end":{"line":175,"column":74}},"type":"if","locations":[{"start":{"line":175,"column":8},"end":{"line":175,"column":74}},{"start":{},"end":{}}],"line":175},"18":{"loc":{"start":{"line":178,"column":8},"end":{"line":178,"column":107}},"type":"if","locations":[{"start":{"line":178,"column":8},"end":{"line":178,"column":107}},{"start":{},"end":{}}],"line":178}},"s":{"0":0,"1":1,"2":0,"3":0,"4":1,"5":1,"6":1,"7":1,"8":2,"9":2,"10":2,"11":2,"12":2,"13":2,"14":2,"15":2,"16":0,"17":2,"18":190,"19":2,"20":2,"21":2,"22":2,"23":2,"24":2,"25":2,"26":0,"27":2,"28":2,"29":0,"30":2,"31":2,"32":2,"33":2,"34":2,"35":2,"36":0,"37":0,"38":0,"39":0,"40":0,"41":0,"42":0,"43":0,"44":0,"45":0,"46":0,"47":1,"48":0,"49":1,"50":0,"51":1,"52":0,"53":1,"54":1,"55":0,"56":0,"57":0,"58":1,"59":1,"60":1,"61":1,"62":0,"63":0,"64":0,"65":0,"66":0,"67":0,"68":0,"69":0,"70":0},"f":{"0":0,"1":1,"2":0,"3":0,"4":1,"5":1,"6":1,"7":1,"8":190,"9":2,"10":0,"11":1,"12":0},"b":{"0":[1,0],"1":[1,0],"2":[0,2],"3":[2,2],"4":[0,2],"5":[2,2],"6":[0,0],"7":[0,0,0,0,0],"8":[0,0],"9":[0,1],"10":[0,1],"11":[0,1],"12":[0,1],"13":[0,0],"14":[1,0],"15":[0,0],"16":[0,0],"17":[0,0],"18":[0,0]},"_coverageSchema":"1a1c01bbd47fc00a2c39e90264f33305004495a9","hash":"d8a8f2be5d90cefc67e1312f59be52e3f58b12c0"}
,"/home/noctho/dev/dogtalk-project/src/application/domain/Room.js": {"path":"/home/noctho/dev/dogtalk-project/src/application/domain/Room.js","statementMap":{"0":{"start":{"line":24,"column":8},"end":{"line":24,"column":22}},"1":{"start":{"line":25,"column":8},"end":{"line":25,"column":26}},"2":{"start":{"line":26,"column":8},"end":{"line":26,"column":28}},"3":{"start":{"line":27,"column":8},"end":{"line":27,"column":30}},"4":{"start":{"line":31,"column":15},"end":{"line":31,"column":30}},"5":{"start":{"line":32,"column":17},"end":{"line":32,"column":34}},"6":{"start":{"line":33,"column":18},"end":{"line":33,"column":36}},"7":{"start":{"line":34,"column":19},"end":{"line":34,"column":38}},"8":{"start":{"line":43,"column":8},"end":{"line":43,"column":38}},"9":{"start":{"line":53,"column":8},"end":{"line":53,"column":44}},"10":{"start":{"line":61,"column":28},"end":{"line":61,"column":30}},"11":{"start":{"line":62,"column":22},"end":{"line":62,"column":77}},"12":{"start":{"line":63,"column":8},"end":{"line":63,"column":83}},"13":{"start":{"line":63,"column":42},"end":{"line":63,"column":83}},"14":{"start":{"line":64,"column":8},"end":{"line":77,"column":11}},"15":{"start":{"line":65,"column":26},"end":{"line":70,"column":13}},"16":{"start":{"line":72,"column":12},"end":{"line":76,"column":15}},"17":{"start":{"line":79,"column":8},"end":{"line":79,"column":27}},"18":{"start":{"line":90,"column":8},"end":{"line":90,"column":112}},"19":{"start":{"line":90,"column":64},"end":{"line":90,"column":112}},"20":{"start":{"line":91,"column":21},"end":{"line":91,"column":85}},"21":{"start":{"line":92,"column":8},"end":{"line":92,"column":59}},"22":{"start":{"line":92,"column":19},"end":{"line":92,"column":59}},"23":{"start":{"line":94,"column":8},"end":{"line":99,"column":10}},"24":{"start":{"line":107,"column":8},"end":{"line":107,"column":67}},"25":{"start":{"line":115,"column":8},"end":{"line":115,"column":62}},"26":{"start":{"line":115,"column":23},"end":{"line":115,"column":62}},"27":{"start":{"line":116,"column":8},"end":{"line":116,"column":66}},"28":{"start":{"line":116,"column":25},"end":{"line":116,"column":66}},"29":{"start":{"line":117,"column":8},"end":{"line":117,"column":68}},"30":{"start":{"line":117,"column":26},"end":{"line":117,"column":68}},"31":{"start":{"line":118,"column":8},"end":{"line":118,"column":70}},"32":{"start":{"line":118,"column":27},"end":{"line":118,"column":70}},"33":{"start":{"line":120,"column":21},"end":{"line":120,"column":82}},"34":{"start":{"line":121,"column":8},"end":{"line":121,"column":117}},"35":{"start":{"line":121,"column":78},"end":{"line":121,"column":117}},"36":{"start":{"line":123,"column":29},"end":{"line":123,"column":101}},"37":{"start":{"line":125,"column":8},"end":{"line":125,"column":88}},"38":{"start":{"line":125,"column":27},"end":{"line":125,"column":88}}},"fnMap":{"0":{"name":"(anonymous_0)","decl":{"start":{"line":23,"column":4},"end":{"line":23,"column":5}},"loc":{"start":{"line":23,"column":41},"end":{"line":28,"column":5}},"line":23},"1":{"name":"(anonymous_1)","decl":{"start":{"line":31,"column":4},"end":{"line":31,"column":5}},"loc":{"start":{"line":31,"column":13},"end":{"line":31,"column":32}},"line":31},"2":{"name":"(anonymous_2)","decl":{"start":{"line":32,"column":4},"end":{"line":32,"column":5}},"loc":{"start":{"line":32,"column":15},"end":{"line":32,"column":36}},"line":32},"3":{"name":"(anonymous_3)","decl":{"start":{"line":33,"column":4},"end":{"line":33,"column":5}},"loc":{"start":{"line":33,"column":16},"end":{"line":33,"column":38}},"line":33},"4":{"name":"(anonymous_4)","decl":{"start":{"line":34,"column":4},"end":{"line":34,"column":5}},"loc":{"start":{"line":34,"column":17},"end":{"line":34,"column":40}},"line":34},"5":{"name":"(anonymous_5)","decl":{"start":{"line":42,"column":5},"end":{"line":42,"column":6}},"loc":{"start":{"line":42,"column":39},"end":{"line":44,"column":5}},"line":42},"6":{"name":"(anonymous_6)","decl":{"start":{"line":52,"column":4},"end":{"line":52,"column":5}},"loc":{"start":{"line":52,"column":29},"end":{"line":54,"column":5}},"line":52},"7":{"name":"(anonymous_7)","decl":{"start":{"line":60,"column":4},"end":{"line":60,"column":5}},"loc":{"start":{"line":60,"column":27},"end":{"line":80,"column":5}},"line":60},"8":{"name":"(anonymous_8)","decl":{"start":{"line":64,"column":22},"end":{"line":64,"column":23}},"loc":{"start":{"line":64,"column":30},"end":{"line":77,"column":9}},"line":64},"9":{"name":"(anonymous_9)","decl":{"start":{"line":89,"column":5},"end":{"line":89,"column":6}},"loc":{"start":{"line":89,"column":37},"end":{"line":100,"column":5}},"line":89},"10":{"name":"(anonymous_10)","decl":{"start":{"line":106,"column":4},"end":{"line":106,"column":5}},"loc":{"start":{"line":106,"column":34},"end":{"line":108,"column":5}},"line":106},"11":{"name":"(anonymous_11)","decl":{"start":{"line":114,"column":5},"end":{"line":114,"column":6}},"loc":{"start":{"line":114,"column":18},"end":{"line":126,"column":5}},"line":114}},"branchMap":{"0":{"loc":{"start":{"line":53,"column":15},"end":{"line":53,"column":43}},"type":"cond-expr","locations":[{"start":{"line":53,"column":33},"end":{"line":53,"column":37}},{"start":{"line":53,"column":38},"end":{"line":53,"column":43}}],"line":53},"1":{"loc":{"start":{"line":63,"column":8},"end":{"line":63,"column":83}},"type":"if","locations":[{"start":{"line":63,"column":8},"end":{"line":63,"column":83}},{"start":{},"end":{}}],"line":63},"2":{"loc":{"start":{"line":63,"column":12},"end":{"line":63,"column":40}},"type":"binary-expr","locations":[{"start":{"line":63,"column":12},"end":{"line":63,"column":18}},{"start":{"line":63,"column":22},"end":{"line":63,"column":40}}],"line":63},"3":{"loc":{"start":{"line":90,"column":8},"end":{"line":90,"column":112}},"type":"if","locations":[{"start":{"line":90,"column":8},"end":{"line":90,"column":112}},{"start":{},"end":{}}],"line":90},"4":{"loc":{"start":{"line":90,"column":12},"end":{"line":90,"column":62}},"type":"binary-expr","locations":[{"start":{"line":90,"column":12},"end":{"line":90,"column":19}},{"start":{"line":90,"column":23},"end":{"line":90,"column":43}},{"start":{"line":90,"column":47},"end":{"line":90,"column":62}}],"line":90},"5":{"loc":{"start":{"line":92,"column":8},"end":{"line":92,"column":59}},"type":"if","locations":[{"start":{"line":92,"column":8},"end":{"line":92,"column":59}},{"start":{},"end":{}}],"line":92},"6":{"loc":{"start":{"line":115,"column":8},"end":{"line":115,"column":62}},"type":"if","locations":[{"start":{"line":115,"column":8},"end":{"line":115,"column":62}},{"start":{},"end":{}}],"line":115},"7":{"loc":{"start":{"line":116,"column":8},"end":{"line":116,"column":66}},"type":"if","locations":[{"start":{"line":116,"column":8},"end":{"line":116,"column":66}},{"start":{},"end":{}}],"line":116},"8":{"loc":{"start":{"line":117,"column":8},"end":{"line":117,"column":68}},"type":"if","locations":[{"start":{"line":117,"column":8},"end":{"line":117,"column":68}},{"start":{},"end":{}}],"line":117},"9":{"loc":{"start":{"line":118,"column":8},"end":{"line":118,"column":70}},"type":"if","locations":[{"start":{"line":118,"column":8},"end":{"line":118,"column":70}},{"start":{},"end":{}}],"line":118},"10":{"loc":{"start":{"line":121,"column":8},"end":{"line":121,"column":117}},"type":"if","locations":[{"start":{"line":121,"column":8},"end":{"line":121,"column":117}},{"start":{},"end":{}}],"line":121},"11":{"loc":{"start":{"line":121,"column":12},"end":{"line":121,"column":76}},"type":"binary-expr","locations":[{"start":{"line":121,"column":12},"end":{"line":121,"column":17}},{"start":{"line":121,"column":21},"end":{"line":121,"column":39}},{"start":{"line":121,"column":43},"end":{"line":121,"column":55}},{"start":{"line":121,"column":59},"end":{"line":121,"column":76}}],"line":121},"12":{"loc":{"start":{"line":125,"column":8},"end":{"line":125,"column":88}},"type":"if","locations":[{"start":{"line":125,"column":8},"end":{"line":125,"column":88}},{"start":{},"end":{}}],"line":125}},"s":{"0":7,"1":7,"2":7,"3":7,"4":1,"5":1,"6":1,"7":1,"8":1,"9":1,"10":0,"11":0,"12":0,"13":0,"14":0,"15":0,"16":0,"17":0,"18":8,"19":1,"20":7,"21":7,"22":0,"23":7,"24":1,"25":2,"26":0,"27":2,"28":0,"29":2,"30":0,"31":2,"32":0,"33":2,"34":2,"35":1,"36":1,"37":1,"38":0},"f":{"0":7,"1":1,"2":1,"3":1,"4":1,"5":1,"6":1,"7":0,"8":0,"9":8,"10":1,"11":2},"b":{"0":[1,0],"1":[0,0],"2":[0,0],"3":[1,7],"4":[8,7,7],"5":[0,7],"6":[0,2],"7":[0,2],"8":[0,2],"9":[0,2],"10":[1,1],"11":[2,1,1,1],"12":[0,1]},"_coverageSchema":"1a1c01bbd47fc00a2c39e90264f33305004495a9","hash":"d2b7d178bcbe9ec5926cd4ddff43672bc1a58bb1"}
,"/home/noctho/dev/dogtalk-project/src/application/domain/User.js": {"path":"/home/noctho/dev/dogtalk-project/src/application/domain/User.js","statementMap":{"0":{"start":{"line":21,"column":8},"end":{"line":21,"column":22}},"1":{"start":{"line":22,"column":8},"end":{"line":22,"column":28}},"2":{"start":{"line":23,"column":8},"end":{"line":23,"column":32}},"3":{"start":{"line":27,"column":15},"end":{"line":27,"column":30}},"4":{"start":{"line":28,"column":18},"end":{"line":28,"column":36}},"5":{"start":{"line":29,"column":20},"end":{"line":29,"column":40}},"6":{"start":{"line":39,"column":8},"end":{"line":39,"column":38}},"7":{"start":{"line":49,"column":8},"end":{"line":49,"column":44}},"8":{"start":{"line":60,"column":8},"end":{"line":60,"column":117}},"9":{"start":{"line":60,"column":64},"end":{"line":60,"column":117}},"10":{"start":{"line":61,"column":21},"end":{"line":61,"column":81}},"11":{"start":{"line":62,"column":8},"end":{"line":62,"column":62}},"12":{"start":{"line":62,"column":19},"end":{"line":62,"column":62}},"13":{"start":{"line":64,"column":8},"end":{"line":68,"column":10}},"14":{"start":{"line":77,"column":8},"end":{"line":77,"column":62}},"15":{"start":{"line":77,"column":23},"end":{"line":77,"column":62}},"16":{"start":{"line":78,"column":8},"end":{"line":78,"column":68}},"17":{"start":{"line":78,"column":26},"end":{"line":78,"column":68}},"18":{"start":{"line":79,"column":8},"end":{"line":79,"column":72}},"19":{"start":{"line":79,"column":28},"end":{"line":79,"column":72}},"20":{"start":{"line":81,"column":21},"end":{"line":81,"column":84}},"21":{"start":{"line":83,"column":8},"end":{"line":93,"column":9}},"22":{"start":{"line":84,"column":33},"end":{"line":84,"column":127}},"23":{"start":{"line":85,"column":12},"end":{"line":85,"column":95}},"24":{"start":{"line":85,"column":31},"end":{"line":85,"column":95}},"25":{"start":{"line":88,"column":12},"end":{"line":92,"column":15}},"26":{"start":{"line":98,"column":8},"end":{"line":98,"column":62}},"27":{"start":{"line":98,"column":23},"end":{"line":98,"column":62}},"28":{"start":{"line":99,"column":8},"end":{"line":99,"column":68}},"29":{"start":{"line":99,"column":26},"end":{"line":99,"column":68}},"30":{"start":{"line":100,"column":8},"end":{"line":100,"column":72}},"31":{"start":{"line":100,"column":28},"end":{"line":100,"column":72}},"32":{"start":{"line":102,"column":29},"end":{"line":102,"column":72}},"33":{"start":{"line":103,"column":8},"end":{"line":103,"column":101}},"34":{"start":{"line":103,"column":45},"end":{"line":103,"column":101}}},"fnMap":{"0":{"name":"(anonymous_0)","decl":{"start":{"line":20,"column":4},"end":{"line":20,"column":5}},"loc":{"start":{"line":20,"column":36},"end":{"line":24,"column":5}},"line":20},"1":{"name":"(anonymous_1)","decl":{"start":{"line":27,"column":4},"end":{"line":27,"column":5}},"loc":{"start":{"line":27,"column":13},"end":{"line":27,"column":32}},"line":27},"2":{"name":"(anonymous_2)","decl":{"start":{"line":28,"column":4},"end":{"line":28,"column":5}},"loc":{"start":{"line":28,"column":16},"end":{"line":28,"column":38}},"line":28},"3":{"name":"(anonymous_3)","decl":{"start":{"line":29,"column":4},"end":{"line":29,"column":5}},"loc":{"start":{"line":29,"column":18},"end":{"line":29,"column":42}},"line":29},"4":{"name":"(anonymous_4)","decl":{"start":{"line":38,"column":4},"end":{"line":38,"column":5}},"loc":{"start":{"line":38,"column":38},"end":{"line":40,"column":5}},"line":38},"5":{"name":"(anonymous_5)","decl":{"start":{"line":48,"column":4},"end":{"line":48,"column":5}},"loc":{"start":{"line":48,"column":29},"end":{"line":50,"column":5}},"line":48},"6":{"name":"(anonymous_6)","decl":{"start":{"line":59,"column":5},"end":{"line":59,"column":6}},"loc":{"start":{"line":59,"column":37},"end":{"line":69,"column":5}},"line":59},"7":{"name":"(anonymous_7)","decl":{"start":{"line":76,"column":4},"end":{"line":76,"column":5}},"loc":{"start":{"line":76,"column":17},"end":{"line":94,"column":5}},"line":76},"8":{"name":"(anonymous_8)","decl":{"start":{"line":97,"column":4},"end":{"line":97,"column":5}},"loc":{"start":{"line":97,"column":19},"end":{"line":104,"column":5}},"line":97}},"branchMap":{"0":{"loc":{"start":{"line":49,"column":15},"end":{"line":49,"column":43}},"type":"cond-expr","locations":[{"start":{"line":49,"column":33},"end":{"line":49,"column":37}},{"start":{"line":49,"column":38},"end":{"line":49,"column":43}}],"line":49},"1":{"loc":{"start":{"line":60,"column":8},"end":{"line":60,"column":117}},"type":"if","locations":[{"start":{"line":60,"column":8},"end":{"line":60,"column":117}},{"start":{},"end":{}}],"line":60},"2":{"loc":{"start":{"line":60,"column":12},"end":{"line":60,"column":62}},"type":"binary-expr","locations":[{"start":{"line":60,"column":12},"end":{"line":60,"column":19}},{"start":{"line":60,"column":23},"end":{"line":60,"column":43}},{"start":{"line":60,"column":47},"end":{"line":60,"column":62}}],"line":60},"3":{"loc":{"start":{"line":62,"column":8},"end":{"line":62,"column":62}},"type":"if","locations":[{"start":{"line":62,"column":8},"end":{"line":62,"column":62}},{"start":{},"end":{}}],"line":62},"4":{"loc":{"start":{"line":77,"column":8},"end":{"line":77,"column":62}},"type":"if","locations":[{"start":{"line":77,"column":8},"end":{"line":77,"column":62}},{"start":{},"end":{}}],"line":77},"5":{"loc":{"start":{"line":78,"column":8},"end":{"line":78,"column":68}},"type":"if","locations":[{"start":{"line":78,"column":8},"end":{"line":78,"column":68}},{"start":{},"end":{}}],"line":78},"6":{"loc":{"start":{"line":79,"column":8},"end":{"line":79,"column":72}},"type":"if","locations":[{"start":{"line":79,"column":8},"end":{"line":79,"column":72}},{"start":{},"end":{}}],"line":79},"7":{"loc":{"start":{"line":83,"column":8},"end":{"line":93,"column":9}},"type":"if","locations":[{"start":{"line":83,"column":8},"end":{"line":93,"column":9}},{"start":{"line":87,"column":15},"end":{"line":93,"column":9}}],"line":83},"8":{"loc":{"start":{"line":85,"column":12},"end":{"line":85,"column":95}},"type":"if","locations":[{"start":{"line":85,"column":12},"end":{"line":85,"column":95}},{"start":{},"end":{}}],"line":85},"9":{"loc":{"start":{"line":98,"column":8},"end":{"line":98,"column":62}},"type":"if","locations":[{"start":{"line":98,"column":8},"end":{"line":98,"column":62}},{"start":{},"end":{}}],"line":98},"10":{"loc":{"start":{"line":99,"column":8},"end":{"line":99,"column":68}},"type":"if","locations":[{"start":{"line":99,"column":8},"end":{"line":99,"column":68}},{"start":{},"end":{}}],"line":99},"11":{"loc":{"start":{"line":100,"column":8},"end":{"line":100,"column":72}},"type":"if","locations":[{"start":{"line":100,"column":8},"end":{"line":100,"column":72}},{"start":{},"end":{}}],"line":100},"12":{"loc":{"start":{"line":103,"column":8},"end":{"line":103,"column":101}},"type":"if","locations":[{"start":{"line":103,"column":8},"end":{"line":103,"column":101}},{"start":{},"end":{}}],"line":103}},"s":{"0":11,"1":11,"2":11,"3":1,"4":1,"5":0,"6":1,"7":1,"8":6,"9":1,"10":5,"11":5,"12":2,"13":3,"14":5,"15":1,"16":4,"17":1,"18":3,"19":1,"20":2,"21":2,"22":1,"23":1,"24":0,"25":1,"26":1,"27":0,"28":1,"29":0,"30":1,"31":0,"32":1,"33":1,"34":0},"f":{"0":11,"1":1,"2":1,"3":0,"4":1,"5":1,"6":6,"7":5,"8":1},"b":{"0":[1,0],"1":[1,5],"2":[6,5,5],"3":[2,3],"4":[1,4],"5":[1,3],"6":[1,2],"7":[1,1],"8":[0,1],"9":[0,1],"10":[0,1],"11":[0,1],"12":[0,1]},"_coverageSchema":"1a1c01bbd47fc00a2c39e90264f33305004495a9","hash":"c763932aa29b0768247c2932659594b36dd64fc3"}
,"/home/noctho/dev/dogtalk-project/src/application/repository/CanineProfileRepository.js": {"path":"/home/noctho/dev/dogtalk-project/src/application/repository/CanineProfileRepository.js","statementMap":{"0":{"start":{"line":4,"column":8},"end":{"line":4,"column":54}},"1":{"start":{"line":8,"column":8},"end":{"line":8,"column":59}},"2":{"start":{"line":12,"column":8},"end":{"line":12,"column":73}},"3":{"start":{"line":16,"column":8},"end":{"line":16,"column":82}},"4":{"start":{"line":20,"column":8},"end":{"line":20,"column":76}}},"fnMap":{"0":{"name":"(anonymous_0)","decl":{"start":{"line":3,"column":4},"end":{"line":3,"column":5}},"loc":{"start":{"line":3,"column":36},"end":{"line":5,"column":5}},"line":3},"1":{"name":"(anonymous_1)","decl":{"start":{"line":7,"column":4},"end":{"line":7,"column":5}},"loc":{"start":{"line":7,"column":36},"end":{"line":9,"column":5}},"line":7},"2":{"name":"(anonymous_2)","decl":{"start":{"line":11,"column":4},"end":{"line":11,"column":5}},"loc":{"start":{"line":11,"column":37},"end":{"line":13,"column":5}},"line":11},"3":{"name":"(anonymous_3)","decl":{"start":{"line":15,"column":4},"end":{"line":15,"column":5}},"loc":{"start":{"line":15,"column":38},"end":{"line":17,"column":5}},"line":15},"4":{"name":"(anonymous_4)","decl":{"start":{"line":19,"column":4},"end":{"line":19,"column":5}},"loc":{"start":{"line":19,"column":36},"end":{"line":21,"column":5}},"line":19}},"branchMap":{},"s":{"0":1,"1":1,"2":2,"3":0,"4":0},"f":{"0":1,"1":1,"2":2,"3":0,"4":0},"b":{},"_coverageSchema":"1a1c01bbd47fc00a2c39e90264f33305004495a9","hash":"42a98f010c08058ae42dea2ac1077c3a6bd78be5"}
,"/home/noctho/dev/dogtalk-project/src/application/repository/RoomRepository.js": {"path":"/home/noctho/dev/dogtalk-project/src/application/repository/RoomRepository.js","statementMap":{"0":{"start":{"line":7,"column":8},"end":{"line":7,"column":36}},"1":{"start":{"line":17,"column":8},"end":{"line":17,"column":64}},"2":{"start":{"line":27,"column":8},"end":{"line":27,"column":65}},"3":{"start":{"line":31,"column":8},"end":{"line":31,"column":64}},"4":{"start":{"line":35,"column":8},"end":{"line":35,"column":51}},"5":{"start":{"line":39,"column":8},"end":{"line":39,"column":67}}},"fnMap":{"0":{"name":"(anonymous_0)","decl":{"start":{"line":6,"column":4},"end":{"line":6,"column":5}},"loc":{"start":{"line":6,"column":27},"end":{"line":8,"column":5}},"line":6},"1":{"name":"(anonymous_1)","decl":{"start":{"line":16,"column":4},"end":{"line":16,"column":5}},"loc":{"start":{"line":16,"column":37},"end":{"line":18,"column":5}},"line":16},"2":{"name":"(anonymous_2)","decl":{"start":{"line":26,"column":4},"end":{"line":26,"column":5}},"loc":{"start":{"line":26,"column":40},"end":{"line":28,"column":5}},"line":26},"3":{"name":"(anonymous_3)","decl":{"start":{"line":30,"column":4},"end":{"line":30,"column":5}},"loc":{"start":{"line":30,"column":29},"end":{"line":32,"column":5}},"line":30},"4":{"name":"(anonymous_4)","decl":{"start":{"line":34,"column":4},"end":{"line":34,"column":5}},"loc":{"start":{"line":34,"column":30},"end":{"line":36,"column":5}},"line":34},"5":{"name":"(anonymous_5)","decl":{"start":{"line":38,"column":4},"end":{"line":38,"column":5}},"loc":{"start":{"line":38,"column":36},"end":{"line":40,"column":5}},"line":38}},"branchMap":{},"s":{"0":1,"1":2,"2":7,"3":0,"4":0,"5":1},"f":{"0":1,"1":2,"2":7,"3":0,"4":0,"5":1},"b":{},"_coverageSchema":"1a1c01bbd47fc00a2c39e90264f33305004495a9","hash":"fa8a25b51049e8eceb7744a59e8bb4d1cd5d5ded"}
,"/home/noctho/dev/dogtalk-project/src/application/repository/UserRepository.js": {"path":"/home/noctho/dev/dogtalk-project/src/application/repository/UserRepository.js","statementMap":{"0":{"start":{"line":7,"column":8},"end":{"line":7,"column":36}},"1":{"start":{"line":15,"column":8},"end":{"line":15,"column":41}},"2":{"start":{"line":25,"column":8},"end":{"line":25,"column":64}},"3":{"start":{"line":35,"column":8},"end":{"line":35,"column":65}},"4":{"start":{"line":39,"column":8},"end":{"line":39,"column":64}},"5":{"start":{"line":43,"column":8},"end":{"line":43,"column":67}}},"fnMap":{"0":{"name":"(anonymous_0)","decl":{"start":{"line":6,"column":4},"end":{"line":6,"column":5}},"loc":{"start":{"line":6,"column":27},"end":{"line":8,"column":5}},"line":6},"1":{"name":"(anonymous_1)","decl":{"start":{"line":14,"column":4},"end":{"line":14,"column":5}},"loc":{"start":{"line":14,"column":27},"end":{"line":16,"column":5}},"line":14},"2":{"name":"(anonymous_2)","decl":{"start":{"line":24,"column":4},"end":{"line":24,"column":5}},"loc":{"start":{"line":24,"column":37},"end":{"line":26,"column":5}},"line":24},"3":{"name":"(anonymous_3)","decl":{"start":{"line":34,"column":4},"end":{"line":34,"column":5}},"loc":{"start":{"line":34,"column":40},"end":{"line":36,"column":5}},"line":34},"4":{"name":"(anonymous_4)","decl":{"start":{"line":38,"column":4},"end":{"line":38,"column":5}},"loc":{"start":{"line":38,"column":29},"end":{"line":40,"column":5}},"line":38},"5":{"name":"(anonymous_5)","decl":{"start":{"line":42,"column":4},"end":{"line":42,"column":5}},"loc":{"start":{"line":42,"column":36},"end":{"line":44,"column":5}},"line":42}},"branchMap":{},"s":{"0":1,"1":1,"2":2,"3":5,"4":1,"5":1},"f":{"0":1,"1":1,"2":2,"3":5,"4":1,"5":1},"b":{},"_coverageSchema":"1a1c01bbd47fc00a2c39e90264f33305004495a9","hash":"25ca9a6ef7696bffdefb248745ca9a50372d7af4"}
,"/home/noctho/dev/dogtalk-project/src/jobs/log.js": {"path":"/home/noctho/dev/dogtalk-project/src/jobs/log.js","statementMap":{"0":{"start":{"line":2,"column":12},"end":{"line":2,"column":23}},"1":{"start":{"line":10,"column":8},"end":{"line":14,"column":11}},"2":{"start":{"line":23,"column":8},"end":{"line":23,"column":101}},"3":{"start":{"line":33,"column":8},"end":{"line":33,"column":109}},"4":{"start":{"line":43,"column":8},"end":{"line":43,"column":60}},"5":{"start":{"line":44,"column":8},"end":{"line":128,"column":9}},"6":{"start":{"line":46,"column":16},"end":{"line":62,"column":17}},"7":{"start":{"line":48,"column":24},"end":{"line":48,"column":172}},"8":{"start":{"line":49,"column":24},"end":{"line":49,"column":30}},"9":{"start":{"line":51,"column":24},"end":{"line":51,"column":172}},"10":{"start":{"line":52,"column":24},"end":{"line":52,"column":30}},"11":{"start":{"line":54,"column":24},"end":{"line":54,"column":170}},"12":{"start":{"line":55,"column":24},"end":{"line":55,"column":30}},"13":{"start":{"line":57,"column":24},"end":{"line":57,"column":170}},"14":{"start":{"line":58,"column":24},"end":{"line":58,"column":30}},"15":{"start":{"line":60,"column":24},"end":{"line":60,"column":167}},"16":{"start":{"line":61,"column":24},"end":{"line":61,"column":30}},"17":{"start":{"line":63,"column":16},"end":{"line":63,"column":22}},"18":{"start":{"line":66,"column":16},"end":{"line":82,"column":17}},"19":{"start":{"line":68,"column":24},"end":{"line":68,"column":174}},"20":{"start":{"line":69,"column":24},"end":{"line":69,"column":30}},"21":{"start":{"line":71,"column":24},"end":{"line":71,"column":174}},"22":{"start":{"line":72,"column":24},"end":{"line":72,"column":30}},"23":{"start":{"line":74,"column":24},"end":{"line":74,"column":172}},"24":{"start":{"line":75,"column":24},"end":{"line":75,"column":30}},"25":{"start":{"line":77,"column":24},"end":{"line":77,"column":172}},"26":{"start":{"line":78,"column":24},"end":{"line":78,"column":30}},"27":{"start":{"line":80,"column":24},"end":{"line":80,"column":169}},"28":{"start":{"line":81,"column":24},"end":{"line":81,"column":30}},"29":{"start":{"line":83,"column":16},"end":{"line":83,"column":22}},"30":{"start":{"line":86,"column":16},"end":{"line":102,"column":17}},"31":{"start":{"line":88,"column":24},"end":{"line":88,"column":173}},"32":{"start":{"line":89,"column":24},"end":{"line":89,"column":30}},"33":{"start":{"line":91,"column":24},"end":{"line":91,"column":173}},"34":{"start":{"line":92,"column":24},"end":{"line":92,"column":30}},"35":{"start":{"line":94,"column":24},"end":{"line":94,"column":171}},"36":{"start":{"line":95,"column":24},"end":{"line":95,"column":30}},"37":{"start":{"line":97,"column":24},"end":{"line":97,"column":171}},"38":{"start":{"line":98,"column":24},"end":{"line":98,"column":30}},"39":{"start":{"line":100,"column":24},"end":{"line":100,"column":168}},"40":{"start":{"line":101,"column":24},"end":{"line":101,"column":30}},"41":{"start":{"line":103,"column":16},"end":{"line":103,"column":22}},"42":{"start":{"line":106,"column":16},"end":{"line":122,"column":17}},"43":{"start":{"line":108,"column":24},"end":{"line":108,"column":170}},"44":{"start":{"line":109,"column":24},"end":{"line":109,"column":30}},"45":{"start":{"line":111,"column":24},"end":{"line":111,"column":170}},"46":{"start":{"line":112,"column":24},"end":{"line":112,"column":30}},"47":{"start":{"line":114,"column":24},"end":{"line":114,"column":168}},"48":{"start":{"line":115,"column":24},"end":{"line":115,"column":30}},"49":{"start":{"line":117,"column":24},"end":{"line":117,"column":168}},"50":{"start":{"line":118,"column":24},"end":{"line":118,"column":30}},"51":{"start":{"line":120,"column":24},"end":{"line":120,"column":165}},"52":{"start":{"line":121,"column":24},"end":{"line":121,"column":30}},"53":{"start":{"line":123,"column":16},"end":{"line":123,"column":22}},"54":{"start":{"line":126,"column":16},"end":{"line":126,"column":136}},"55":{"start":{"line":127,"column":16},"end":{"line":127,"column":22}}},"fnMap":{"0":{"name":"(anonymous_0)","decl":{"start":{"line":9,"column":4},"end":{"line":9,"column":5}},"loc":{"start":{"line":9,"column":79},"end":{"line":15,"column":5}},"line":9},"1":{"name":"(anonymous_1)","decl":{"start":{"line":22,"column":4},"end":{"line":22,"column":5}},"loc":{"start":{"line":22,"column":38},"end":{"line":24,"column":5}},"line":22},"2":{"name":"(anonymous_2)","decl":{"start":{"line":32,"column":4},"end":{"line":32,"column":5}},"loc":{"start":{"line":32,"column":34},"end":{"line":34,"column":5}},"line":32},"3":{"name":"(anonymous_3)","decl":{"start":{"line":42,"column":4},"end":{"line":42,"column":5}},"loc":{"start":{"line":42,"column":45},"end":{"line":129,"column":5}},"line":42}},"branchMap":{"0":{"loc":{"start":{"line":9,"column":30},"end":{"line":9,"column":44}},"type":"default-arg","locations":[{"start":{"line":9,"column":40},"end":{"line":9,"column":44}}],"line":9},"1":{"loc":{"start":{"line":9,"column":46},"end":{"line":9,"column":59}},"type":"default-arg","locations":[{"start":{"line":9,"column":55},"end":{"line":9,"column":59}}],"line":9},"2":{"loc":{"start":{"line":9,"column":61},"end":{"line":9,"column":77}},"type":"default-arg","locations":[{"start":{"line":9,"column":73},"end":{"line":9,"column":77}}],"line":9},"3":{"loc":{"start":{"line":12,"column":54},"end":{"line":12,"column":82}},"type":"cond-expr","locations":[{"start":{"line":12,"column":61},"end":{"line":12,"column":77}},{"start":{"line":12,"column":78},"end":{"line":12,"column":82}}],"line":12},"4":{"loc":{"start":{"line":12,"column":134},"end":{"line":12,"column":168}},"type":"cond-expr","locations":[{"start":{"line":12,"column":144},"end":{"line":12,"column":163}},{"start":{"line":12,"column":164},"end":{"line":12,"column":168}}],"line":12},"5":{"loc":{"start":{"line":13,"column":55},"end":{"line":13,"column":85}},"type":"cond-expr","locations":[{"start":{"line":13,"column":63},"end":{"line":13,"column":80}},{"start":{"line":13,"column":81},"end":{"line":13,"column":85}}],"line":13},"6":{"loc":{"start":{"line":43,"column":17},"end":{"line":43,"column":59}},"type":"cond-expr","locations":[{"start":{"line":43,"column":27},"end":{"line":43,"column":36}},{"start":{"line":43,"column":39},"end":{"line":43,"column":59}}],"line":43},"7":{"loc":{"start":{"line":44,"column":8},"end":{"line":128,"column":9}},"type":"switch","locations":[{"start":{"line":45,"column":12},"end":{"line":63,"column":22}},{"start":{"line":65,"column":12},"end":{"line":83,"column":22}},{"start":{"line":85,"column":12},"end":{"line":103,"column":22}},{"start":{"line":105,"column":12},"end":{"line":123,"column":22}},{"start":{"line":125,"column":12},"end":{"line":127,"column":22}}],"line":44},"8":{"loc":{"start":{"line":46,"column":16},"end":{"line":62,"column":17}},"type":"switch","locations":[{"start":{"line":47,"column":20},"end":{"line":49,"column":30}},{"start":{"line":50,"column":20},"end":{"line":52,"column":30}},{"start":{"line":53,"column":20},"end":{"line":55,"column":30}},{"start":{"line":56,"column":20},"end":{"line":58,"column":30}},{"start":{"line":59,"column":20},"end":{"line":61,"column":30}}],"line":46},"9":{"loc":{"start":{"line":66,"column":16},"end":{"line":82,"column":17}},"type":"switch","locations":[{"start":{"line":67,"column":20},"end":{"line":69,"column":30}},{"start":{"line":70,"column":20},"end":{"line":72,"column":30}},{"start":{"line":73,"column":20},"end":{"line":75,"column":30}},{"start":{"line":76,"column":20},"end":{"line":78,"column":30}},{"start":{"line":79,"column":20},"end":{"line":81,"column":30}}],"line":66},"10":{"loc":{"start":{"line":86,"column":16},"end":{"line":102,"column":17}},"type":"switch","locations":[{"start":{"line":87,"column":20},"end":{"line":89,"column":30}},{"start":{"line":90,"column":20},"end":{"line":92,"column":30}},{"start":{"line":93,"column":20},"end":{"line":95,"column":30}},{"start":{"line":96,"column":20},"end":{"line":98,"column":30}},{"start":{"line":99,"column":20},"end":{"line":101,"column":30}}],"line":86},"11":{"loc":{"start":{"line":106,"column":16},"end":{"line":122,"column":17}},"type":"switch","locations":[{"start":{"line":107,"column":20},"end":{"line":109,"column":30}},{"start":{"line":110,"column":20},"end":{"line":112,"column":30}},{"start":{"line":113,"column":20},"end":{"line":115,"column":30}},{"start":{"line":116,"column":20},"end":{"line":118,"column":30}},{"start":{"line":119,"column":20},"end":{"line":121,"column":30}}],"line":106}},"s":{"0":3,"1":0,"2":0,"3":0,"4":0,"5":0,"6":0,"7":0,"8":0,"9":0,"10":0,"11":0,"12":0,"13":0,"14":0,"15":0,"16":0,"17":0,"18":0,"19":0,"20":0,"21":0,"22":0,"23":0,"24":0,"25":0,"26":0,"27":0,"28":0,"29":0,"30":0,"31":0,"32":0,"33":0,"34":0,"35":0,"36":0,"37":0,"38":0,"39":0,"40":0,"41":0,"42":0,"43":0,"44":0,"45":0,"46":0,"47":0,"48":0,"49":0,"50":0,"51":0,"52":0,"53":0,"54":0,"55":0},"f":{"0":0,"1":0,"2":0,"3":0},"b":{"0":[0],"1":[0],"2":[0],"3":[0,0],"4":[0,0],"5":[0,0],"6":[0,0],"7":[0,0,0,0,0],"8":[0,0,0,0,0],"9":[0,0,0,0,0],"10":[0,0,0,0,0],"11":[0,0,0,0,0]},"_coverageSchema":"1a1c01bbd47fc00a2c39e90264f33305004495a9","hash":"57afae525771b7941b011d6ae84625424e7bc53a"}
,"/home/noctho/dev/dogtalk-project/src/tests/application/domain/EntityModel/CanineProfileModelTest.js": {"path":"/home/noctho/dev/dogtalk-project/src/tests/application/domain/EntityModel/CanineProfileModelTest.js","statementMap":{"0":{"start":{"line":3,"column":8},"end":{"line":6,"column":10}},"1":{"start":{"line":11,"column":8},"end":{"line":15,"column":11}},"2":{"start":{"line":12,"column":12},"end":{"line":14,"column":15}},"3":{"start":{"line":13,"column":16},"end":{"line":13,"column":81}},"4":{"start":{"line":13,"column":57},"end":{"line":13,"column":81}},"5":{"start":{"line":16,"column":8},"end":{"line":16,"column":23}},"6":{"start":{"line":20,"column":8},"end":{"line":20,"column":41}},"7":{"start":{"line":24,"column":30},"end":{"line":24,"column":104}},"8":{"start":{"line":24,"column":73},"end":{"line":24,"column":103}},"9":{"start":{"line":25,"column":8},"end":{"line":25,"column":55}},"10":{"start":{"line":25,"column":28},"end":{"line":25,"column":55}},"11":{"start":{"line":26,"column":8},"end":{"line":26,"column":84}},"12":{"start":{"line":27,"column":8},"end":{"line":27,"column":35}},"13":{"start":{"line":31,"column":21},"end":{"line":31,"column":26}},"14":{"start":{"line":32,"column":8},"end":{"line":41,"column":11}},"15":{"start":{"line":33,"column":12},"end":{"line":40,"column":15}},"16":{"start":{"line":34,"column":16},"end":{"line":39,"column":17}},"17":{"start":{"line":35,"column":20},"end":{"line":35,"column":34}},"18":{"start":{"line":36,"column":20},"end":{"line":38,"column":23}},"19":{"start":{"line":37,"column":24},"end":{"line":37,"column":64}},"20":{"start":{"line":43,"column":8},"end":{"line":43,"column":22}}},"fnMap":{"0":{"name":"(anonymous_0)","decl":{"start":{"line":2,"column":4},"end":{"line":2,"column":5}},"loc":{"start":{"line":2,"column":18},"end":{"line":7,"column":5}},"line":2},"1":{"name":"(anonymous_1)","decl":{"start":{"line":9,"column":4},"end":{"line":9,"column":5}},"loc":{"start":{"line":9,"column":25},"end":{"line":17,"column":5}},"line":9},"2":{"name":"(anonymous_2)","decl":{"start":{"line":11,"column":37},"end":{"line":11,"column":38}},"loc":{"start":{"line":11,"column":54},"end":{"line":15,"column":9}},"line":11},"3":{"name":"(anonymous_3)","decl":{"start":{"line":12,"column":39},"end":{"line":12,"column":40}},"loc":{"start":{"line":12,"column":47},"end":{"line":14,"column":13}},"line":12},"4":{"name":"(anonymous_4)","decl":{"start":{"line":19,"column":4},"end":{"line":19,"column":5}},"loc":{"start":{"line":19,"column":24},"end":{"line":21,"column":5}},"line":19},"5":{"name":"(anonymous_5)","decl":{"start":{"line":23,"column":4},"end":{"line":23,"column":5}},"loc":{"start":{"line":23,"column":26},"end":{"line":28,"column":5}},"line":23},"6":{"name":"(anonymous_6)","decl":{"start":{"line":24,"column":56},"end":{"line":24,"column":57}},"loc":{"start":{"line":24,"column":73},"end":{"line":24,"column":103}},"line":24},"7":{"name":"(anonymous_7)","decl":{"start":{"line":30,"column":4},"end":{"line":30,"column":5}},"loc":{"start":{"line":30,"column":39},"end":{"line":44,"column":5}},"line":30},"8":{"name":"(anonymous_8)","decl":{"start":{"line":32,"column":37},"end":{"line":32,"column":38}},"loc":{"start":{"line":32,"column":54},"end":{"line":41,"column":9}},"line":32},"9":{"name":"(anonymous_9)","decl":{"start":{"line":33,"column":43},"end":{"line":33,"column":44}},"loc":{"start":{"line":33,"column":51},"end":{"line":40,"column":13}},"line":33},"10":{"name":"(anonymous_10)","decl":{"start":{"line":36,"column":49},"end":{"line":36,"column":50}},"loc":{"start":{"line":36,"column":59},"end":{"line":38,"column":21}},"line":36}},"branchMap":{"0":{"loc":{"start":{"line":13,"column":16},"end":{"line":13,"column":81}},"type":"if","locations":[{"start":{"line":13,"column":16},"end":{"line":13,"column":81}},{"start":{},"end":{}}],"line":13},"1":{"loc":{"start":{"line":25,"column":8},"end":{"line":25,"column":55}},"type":"if","locations":[{"start":{"line":25,"column":8},"end":{"line":25,"column":55}},{"start":{},"end":{}}],"line":25},"2":{"loc":{"start":{"line":34,"column":16},"end":{"line":39,"column":17}},"type":"if","locations":[{"start":{"line":34,"column":16},"end":{"line":39,"column":17}},{"start":{},"end":{}}],"line":34}},"s":{"0":1,"1":2,"2":5,"3":10,"4":2,"5":2,"6":1,"7":0,"8":0,"9":0,"10":0,"11":0,"12":0,"13":0,"14":0,"15":0,"16":0,"17":0,"18":0,"19":0,"20":0},"f":{"0":1,"1":2,"2":5,"3":10,"4":1,"5":0,"6":0,"7":0,"8":0,"9":0,"10":0},"b":{"0":[2,8],"1":[0,0],"2":[0,0]},"_coverageSchema":"1a1c01bbd47fc00a2c39e90264f33305004495a9","hash":"4c35265cf851cf49315cf03661da4e7bd7177db4"}
,"/home/noctho/dev/dogtalk-project/src/tests/application/domain/EntityModel/RoomModelTest.js": {"path":"/home/noctho/dev/dogtalk-project/src/tests/application/domain/EntityModel/RoomModelTest.js","statementMap":{"0":{"start":{"line":3,"column":8},"end":{"line":20,"column":10}},"1":{"start":{"line":25,"column":8},"end":{"line":29,"column":11}},"2":{"start":{"line":26,"column":12},"end":{"line":28,"column":15}},"3":{"start":{"line":27,"column":16},"end":{"line":27,"column":63}},"4":{"start":{"line":27,"column":48},"end":{"line":27,"column":63}},"5":{"start":{"line":30,"column":8},"end":{"line":30,"column":23}},"6":{"start":{"line":34,"column":8},"end":{"line":34,"column":61}},"7":{"start":{"line":34,"column":40},"end":{"line":34,"column":59}},"8":{"start":{"line":38,"column":8},"end":{"line":38,"column":27}},"9":{"start":{"line":42,"column":21},"end":{"line":42,"column":26}},"10":{"start":{"line":43,"column":8},"end":{"line":52,"column":11}},"11":{"start":{"line":44,"column":12},"end":{"line":51,"column":15}},"12":{"start":{"line":45,"column":16},"end":{"line":50,"column":17}},"13":{"start":{"line":46,"column":20},"end":{"line":46,"column":34}},"14":{"start":{"line":47,"column":20},"end":{"line":49,"column":23}},"15":{"start":{"line":48,"column":24},"end":{"line":48,"column":55}},"16":{"start":{"line":54,"column":8},"end":{"line":54,"column":22}}},"fnMap":{"0":{"name":"(anonymous_0)","decl":{"start":{"line":2,"column":4},"end":{"line":2,"column":5}},"loc":{"start":{"line":2,"column":18},"end":{"line":21,"column":5}},"line":2},"1":{"name":"(anonymous_1)","decl":{"start":{"line":23,"column":4},"end":{"line":23,"column":5}},"loc":{"start":{"line":23,"column":25},"end":{"line":31,"column":5}},"line":23},"2":{"name":"(anonymous_2)","decl":{"start":{"line":25,"column":28},"end":{"line":25,"column":29}},"loc":{"start":{"line":25,"column":36},"end":{"line":29,"column":9}},"line":25},"3":{"name":"(anonymous_3)","decl":{"start":{"line":26,"column":39},"end":{"line":26,"column":40}},"loc":{"start":{"line":26,"column":47},"end":{"line":28,"column":13}},"line":26},"4":{"name":"(anonymous_4)","decl":{"start":{"line":33,"column":4},"end":{"line":33,"column":5}},"loc":{"start":{"line":33,"column":27},"end":{"line":35,"column":5}},"line":33},"5":{"name":"(anonymous_5)","decl":{"start":{"line":34,"column":32},"end":{"line":34,"column":33}},"loc":{"start":{"line":34,"column":40},"end":{"line":34,"column":59}},"line":34},"6":{"name":"(anonymous_6)","decl":{"start":{"line":37,"column":4},"end":{"line":37,"column":5}},"loc":{"start":{"line":37,"column":20},"end":{"line":39,"column":5}},"line":37},"7":{"name":"(anonymous_7)","decl":{"start":{"line":41,"column":4},"end":{"line":41,"column":5}},"loc":{"start":{"line":41,"column":39},"end":{"line":55,"column":5}},"line":41},"8":{"name":"(anonymous_8)","decl":{"start":{"line":43,"column":28},"end":{"line":43,"column":29}},"loc":{"start":{"line":43,"column":36},"end":{"line":52,"column":9}},"line":43},"9":{"name":"(anonymous_9)","decl":{"start":{"line":44,"column":43},"end":{"line":44,"column":44}},"loc":{"start":{"line":44,"column":51},"end":{"line":51,"column":13}},"line":44},"10":{"name":"(anonymous_10)","decl":{"start":{"line":47,"column":49},"end":{"line":47,"column":50}},"loc":{"start":{"line":47,"column":59},"end":{"line":49,"column":21}},"line":47}},"branchMap":{"0":{"loc":{"start":{"line":27,"column":16},"end":{"line":27,"column":63}},"type":"if","locations":[{"start":{"line":27,"column":16},"end":{"line":27,"column":63}},{"start":{},"end":{}}],"line":27},"1":{"loc":{"start":{"line":45,"column":16},"end":{"line":50,"column":17}},"type":"if","locations":[{"start":{"line":45,"column":16},"end":{"line":50,"column":17}},{"start":{},"end":{}}],"line":45}},"s":{"0":1,"1":2,"2":8,"3":8,"4":1,"5":2,"6":7,"7":7,"8":0,"9":1,"10":1,"11":4,"12":4,"13":1,"14":1,"15":1,"16":1},"f":{"0":1,"1":2,"2":8,"3":8,"4":7,"5":7,"6":0,"7":1,"8":4,"9":4,"10":1},"b":{"0":[1,7],"1":[1,3]},"_coverageSchema":"1a1c01bbd47fc00a2c39e90264f33305004495a9","hash":"456e7eebaca791b6d6ce77c83dc9162667cc2c82"}
,"/home/noctho/dev/dogtalk-project/src/tests/application/domain/EntityModel/UserModelTest.js": {"path":"/home/noctho/dev/dogtalk-project/src/tests/application/domain/EntityModel/UserModelTest.js","statementMap":{"0":{"start":{"line":3,"column":8},"end":{"line":3,"column":93}},"1":{"start":{"line":8,"column":8},"end":{"line":12,"column":11}},"2":{"start":{"line":9,"column":12},"end":{"line":11,"column":15}},"3":{"start":{"line":10,"column":16},"end":{"line":10,"column":63}},"4":{"start":{"line":10,"column":48},"end":{"line":10,"column":63}},"5":{"start":{"line":13,"column":8},"end":{"line":13,"column":23}},"6":{"start":{"line":17,"column":8},"end":{"line":17,"column":32}},"7":{"start":{"line":21,"column":8},"end":{"line":21,"column":61}},"8":{"start":{"line":21,"column":40},"end":{"line":21,"column":59}},"9":{"start":{"line":25,"column":21},"end":{"line":25,"column":68}},"10":{"start":{"line":25,"column":46},"end":{"line":25,"column":67}},"11":{"start":{"line":26,"column":8},"end":{"line":26,"column":46}},"12":{"start":{"line":26,"column":19},"end":{"line":26,"column":46}},"13":{"start":{"line":27,"column":8},"end":{"line":27,"column":57}},"14":{"start":{"line":28,"column":8},"end":{"line":28,"column":35}},"15":{"start":{"line":32,"column":21},"end":{"line":32,"column":26}},"16":{"start":{"line":33,"column":8},"end":{"line":42,"column":11}},"17":{"start":{"line":34,"column":12},"end":{"line":41,"column":15}},"18":{"start":{"line":35,"column":16},"end":{"line":40,"column":17}},"19":{"start":{"line":36,"column":20},"end":{"line":36,"column":34}},"20":{"start":{"line":37,"column":20},"end":{"line":39,"column":23}},"21":{"start":{"line":38,"column":24},"end":{"line":38,"column":55}},"22":{"start":{"line":44,"column":8},"end":{"line":44,"column":22}}},"fnMap":{"0":{"name":"(anonymous_0)","decl":{"start":{"line":2,"column":4},"end":{"line":2,"column":5}},"loc":{"start":{"line":2,"column":18},"end":{"line":4,"column":5}},"line":2},"1":{"name":"(anonymous_1)","decl":{"start":{"line":6,"column":4},"end":{"line":6,"column":5}},"loc":{"start":{"line":6,"column":25},"end":{"line":14,"column":5}},"line":6},"2":{"name":"(anonymous_2)","decl":{"start":{"line":8,"column":28},"end":{"line":8,"column":29}},"loc":{"start":{"line":8,"column":36},"end":{"line":12,"column":9}},"line":8},"3":{"name":"(anonymous_3)","decl":{"start":{"line":9,"column":39},"end":{"line":9,"column":40}},"loc":{"start":{"line":9,"column":47},"end":{"line":11,"column":13}},"line":9},"4":{"name":"(anonymous_4)","decl":{"start":{"line":16,"column":4},"end":{"line":16,"column":5}},"loc":{"start":{"line":16,"column":24},"end":{"line":18,"column":5}},"line":16},"5":{"name":"(anonymous_5)","decl":{"start":{"line":20,"column":4},"end":{"line":20,"column":5}},"loc":{"start":{"line":20,"column":27},"end":{"line":22,"column":5}},"line":20},"6":{"name":"(anonymous_6)","decl":{"start":{"line":21,"column":32},"end":{"line":21,"column":33}},"loc":{"start":{"line":21,"column":40},"end":{"line":21,"column":59}},"line":21},"7":{"name":"(anonymous_7)","decl":{"start":{"line":24,"column":4},"end":{"line":24,"column":5}},"loc":{"start":{"line":24,"column":26},"end":{"line":29,"column":5}},"line":24},"8":{"name":"(anonymous_8)","decl":{"start":{"line":25,"column":38},"end":{"line":25,"column":39}},"loc":{"start":{"line":25,"column":46},"end":{"line":25,"column":67}},"line":25},"9":{"name":"(anonymous_9)","decl":{"start":{"line":31,"column":4},"end":{"line":31,"column":5}},"loc":{"start":{"line":31,"column":39},"end":{"line":45,"column":5}},"line":31},"10":{"name":"(anonymous_10)","decl":{"start":{"line":33,"column":28},"end":{"line":33,"column":29}},"loc":{"start":{"line":33,"column":36},"end":{"line":42,"column":9}},"line":33},"11":{"name":"(anonymous_11)","decl":{"start":{"line":34,"column":43},"end":{"line":34,"column":44}},"loc":{"start":{"line":34,"column":51},"end":{"line":41,"column":13}},"line":34},"12":{"name":"(anonymous_12)","decl":{"start":{"line":37,"column":49},"end":{"line":37,"column":50}},"loc":{"start":{"line":37,"column":59},"end":{"line":39,"column":21}},"line":37}},"branchMap":{"0":{"loc":{"start":{"line":10,"column":16},"end":{"line":10,"column":63}},"type":"if","locations":[{"start":{"line":10,"column":16},"end":{"line":10,"column":63}},{"start":{},"end":{}}],"line":10},"1":{"loc":{"start":{"line":26,"column":8},"end":{"line":26,"column":46}},"type":"if","locations":[{"start":{"line":26,"column":8},"end":{"line":26,"column":46}},{"start":{},"end":{}}],"line":26},"2":{"loc":{"start":{"line":35,"column":16},"end":{"line":40,"column":17}},"type":"if","locations":[{"start":{"line":35,"column":16},"end":{"line":40,"column":17}},{"start":{},"end":{}}],"line":35}},"s":{"0":1,"1":2,"2":3,"3":3,"4":1,"5":2,"6":1,"7":5,"8":7,"9":1,"10":1,"11":1,"12":0,"13":1,"14":1,"15":1,"16":1,"17":2,"18":2,"19":1,"20":1,"21":2,"22":1},"f":{"0":1,"1":2,"2":3,"3":3,"4":1,"5":5,"6":7,"7":1,"8":1,"9":1,"10":2,"11":2,"12":2},"b":{"0":[1,2],"1":[0,1],"2":[1,1]},"_coverageSchema":"1a1c01bbd47fc00a2c39e90264f33305004495a9","hash":"6805ab397538ba8b89e3b1c49546ac01ea45704c"}
}
