TN:
SF:src/application/domain/CanineProfile.js
FN:21,(anonymous_0)
FN:22,(anonymous_1)
FN:23,(anonymous_2)
FN:24,(anonymous_3)
FN:33,(anonymous_4)
FN:43,(anonymous_5)
FN:52,(anonymous_6)
FN:62,(anonymous_7)
FN:85,(anonymous_8)
FN:115,(anonymous_9)
FN:128,(anonymous_10)
FN:148,(anonymous_11)
FN:172,(anonymous_12)
FNF:13
FNH:8
FNDA:0,(anonymous_0)
FNDA:1,(anonymous_1)
FNDA:0,(anonymous_2)
FNDA:0,(anonymous_3)
FNDA:1,(anonymous_4)
FNDA:1,(anonymous_5)
FNDA:1,(anonymous_6)
FNDA:1,(anonymous_7)
FNDA:190,(anonymous_8)
FNDA:2,(anonymous_9)
FNDA:0,(anonymous_10)
FNDA:1,(anonymous_11)
FNDA:0,(anonymous_12)
DA:21,0
DA:22,1
DA:23,0
DA:24,0
DA:34,1
DA:44,1
DA:53,1
DA:63,1
DA:74,2
DA:75,2
DA:76,2
DA:77,2
DA:78,2
DA:80,2
DA:82,2
DA:83,2
DA:85,190
DA:87,2
DA:89,2
DA:90,2
DA:91,2
DA:97,2
DA:98,2
DA:99,2
DA:101,2
DA:103,2
DA:106,0
DA:117,2
DA:118,2
DA:120,2
DA:121,2
DA:122,2
DA:124,2
DA:129,0
DA:130,0
DA:131,0
DA:133,0
DA:135,0
DA:136,0
DA:137,0
DA:138,0
DA:140,0
DA:149,1
DA:150,1
DA:151,1
DA:153,1
DA:155,1
DA:156,0
DA:157,0
DA:160,1
DA:166,1
DA:167,1
DA:173,0
DA:174,0
DA:175,0
DA:177,0
DA:178,0
LF:57
LH:37
BRDA:44,0,0,1
BRDA:44,0,1,0
BRDA:63,1,0,1
BRDA:63,1,1,0
BRDA:83,2,0,0
BRDA:83,2,1,2
BRDA:83,3,0,2
BRDA:83,3,1,2
BRDA:99,4,0,0
BRDA:99,4,1,2
BRDA:99,5,0,2
BRDA:99,5,1,2
BRDA:129,6,0,0
BRDA:129,6,1,0
BRDA:129,7,0,0
BRDA:129,7,1,0
BRDA:129,7,2,0
BRDA:129,7,3,0
BRDA:129,7,4,0
BRDA:131,8,0,0
BRDA:131,8,1,0
BRDA:149,9,0,0
BRDA:149,9,1,1
BRDA:150,10,0,0
BRDA:150,10,1,1
BRDA:151,11,0,0
BRDA:151,11,1,1
BRDA:155,12,0,0
BRDA:155,12,1,1
BRDA:157,13,0,0
BRDA:157,13,1,0
BRDA:167,14,0,1
BRDA:167,14,1,0
BRDA:173,15,0,0
BRDA:173,15,1,0
BRDA:174,16,0,0
BRDA:174,16,1,0
BRDA:175,17,0,0
BRDA:175,17,1,0
BRDA:178,18,0,0
BRDA:178,18,1,0
BRF:41
BRH:13
end_of_record
TN:
SF:src/application/domain/Room.js
FN:23,(anonymous_0)
FN:31,(anonymous_1)
FN:32,(anonymous_2)
FN:33,(anonymous_3)
FN:34,(anonymous_4)
FN:42,(anonymous_5)
FN:52,(anonymous_6)
FN:60,(anonymous_7)
FN:64,(anonymous_8)
FN:89,(anonymous_9)
FN:106,(anonymous_10)
FN:114,(anonymous_11)
FNF:12
FNH:10
FNDA:7,(anonymous_0)
FNDA:1,(anonymous_1)
FNDA:1,(anonymous_2)
FNDA:1,(anonymous_3)
FNDA:1,(anonymous_4)
FNDA:1,(anonymous_5)
FNDA:1,(anonymous_6)
FNDA:0,(anonymous_7)
FNDA:0,(anonymous_8)
FNDA:8,(anonymous_9)
FNDA:1,(anonymous_10)
FNDA:2,(anonymous_11)
DA:24,7
DA:25,7
DA:26,7
DA:27,7
DA:31,1
DA:32,1
DA:33,1
DA:34,1
DA:43,1
DA:53,1
DA:61,0
DA:62,0
DA:63,0
DA:64,0
DA:65,0
DA:72,0
DA:79,0
DA:90,8
DA:91,7
DA:92,7
DA:94,7
DA:107,1
DA:115,2
DA:116,2
DA:117,2
DA:118,2
DA:120,2
DA:121,2
DA:123,1
DA:125,1
LF:30
LH:23
BRDA:53,0,0,1
BRDA:53,0,1,0
BRDA:63,1,0,0
BRDA:63,1,1,0
BRDA:63,2,0,0
BRDA:63,2,1,0
BRDA:90,3,0,1
BRDA:90,3,1,7
BRDA:90,4,0,8
BRDA:90,4,1,7
BRDA:90,4,2,7
BRDA:92,5,0,0
BRDA:92,5,1,7
BRDA:115,6,0,0
BRDA:115,6,1,2
BRDA:116,7,0,0
BRDA:116,7,1,2
BRDA:117,8,0,0
BRDA:117,8,1,2
BRDA:118,9,0,0
BRDA:118,9,1,2
BRDA:121,10,0,1
BRDA:121,10,1,1
BRDA:121,11,0,2
BRDA:121,11,1,1
BRDA:121,11,2,1
BRDA:121,11,3,1
BRDA:125,12,0,0
BRDA:125,12,1,1
BRF:29
BRH:18
end_of_record
TN:
SF:src/application/domain/User.js
FN:20,(anonymous_0)
FN:27,(anonymous_1)
FN:28,(anonymous_2)
FN:29,(anonymous_3)
FN:38,(anonymous_4)
FN:48,(anonymous_5)
FN:59,(anonymous_6)
FN:76,(anonymous_7)
FN:97,(anonymous_8)
FNF:9
FNH:8
FNDA:11,(anonymous_0)
FNDA:1,(anonymous_1)
FNDA:1,(anonymous_2)
FNDA:0,(anonymous_3)
FNDA:1,(anonymous_4)
FNDA:1,(anonymous_5)
FNDA:6,(anonymous_6)
FNDA:5,(anonymous_7)
FNDA:1,(anonymous_8)
DA:21,11
DA:22,11
DA:23,11
DA:27,1
DA:28,1
DA:29,0
DA:39,1
DA:49,1
DA:60,6
DA:61,5
DA:62,5
DA:64,3
DA:77,5
DA:78,4
DA:79,3
DA:81,2
DA:83,2
DA:84,1
DA:85,1
DA:88,1
DA:98,1
DA:99,1
DA:100,1
DA:102,1
DA:103,1
LF:25
LH:24
BRDA:49,0,0,1
BRDA:49,0,1,0
BRDA:60,1,0,1
BRDA:60,1,1,5
BRDA:60,2,0,6
BRDA:60,2,1,5
BRDA:60,2,2,5
BRDA:62,3,0,2
BRDA:62,3,1,3
BRDA:77,4,0,1
BRDA:77,4,1,4
BRDA:78,5,0,1
BRDA:78,5,1,3
BRDA:79,6,0,1
BRDA:79,6,1,2
BRDA:83,7,0,1
BRDA:83,7,1,1
BRDA:85,8,0,0
BRDA:85,8,1,1
BRDA:98,9,0,0
BRDA:98,9,1,1
BRDA:99,10,0,0
BRDA:99,10,1,1
BRDA:100,11,0,0
BRDA:100,11,1,1
BRDA:103,12,0,0
BRDA:103,12,1,1
BRF:27
BRH:21
end_of_record
TN:
SF:src/application/repository/CanineProfileRepository.js
FN:3,(anonymous_0)
FN:7,(anonymous_1)
FN:11,(anonymous_2)
FN:15,(anonymous_3)
FN:19,(anonymous_4)
FNF:5
FNH:3
FNDA:1,(anonymous_0)
FNDA:1,(anonymous_1)
FNDA:2,(anonymous_2)
FNDA:0,(anonymous_3)
FNDA:0,(anonymous_4)
DA:4,1
DA:8,1
DA:12,2
DA:16,0
DA:20,0
LF:5
LH:3
BRF:0
BRH:0
end_of_record
TN:
SF:src/application/repository/RoomRepository.js
FN:6,(anonymous_0)
FN:16,(anonymous_1)
FN:26,(anonymous_2)
FN:30,(anonymous_3)
FN:34,(anonymous_4)
FN:38,(anonymous_5)
FNF:6
FNH:4
FNDA:1,(anonymous_0)
FNDA:2,(anonymous_1)
FNDA:7,(anonymous_2)
FNDA:0,(anonymous_3)
FNDA:0,(anonymous_4)
FNDA:1,(anonymous_5)
DA:7,1
DA:17,2
DA:27,7
DA:31,0
DA:35,0
DA:39,1
LF:6
LH:4
BRF:0
BRH:0
end_of_record
TN:
SF:src/application/repository/UserRepository.js
FN:6,(anonymous_0)
FN:14,(anonymous_1)
FN:24,(anonymous_2)
FN:34,(anonymous_3)
FN:38,(anonymous_4)
FN:42,(anonymous_5)
FNF:6
FNH:6
FNDA:1,(anonymous_0)
FNDA:1,(anonymous_1)
FNDA:2,(anonymous_2)
FNDA:5,(anonymous_3)
FNDA:1,(anonymous_4)
FNDA:1,(anonymous_5)
DA:7,1
DA:15,1
DA:25,2
DA:35,5
DA:39,1
DA:43,1
LF:6
LH:6
BRF:0
BRH:0
end_of_record
TN:
SF:src/jobs/log.js
FN:9,(anonymous_0)
FN:22,(anonymous_1)
FN:32,(anonymous_2)
FN:42,(anonymous_3)
FNF:4
FNH:0
FNDA:0,(anonymous_0)
FNDA:0,(anonymous_1)
FNDA:0,(anonymous_2)
FNDA:0,(anonymous_3)
DA:2,3
DA:10,0
DA:23,0
DA:33,0
DA:43,0
DA:44,0
DA:46,0
DA:48,0
DA:49,0
DA:51,0
DA:52,0
DA:54,0
DA:55,0
DA:57,0
DA:58,0
DA:60,0
DA:61,0
DA:63,0
DA:66,0
DA:68,0
DA:69,0
DA:71,0
DA:72,0
DA:74,0
DA:75,0
DA:77,0
DA:78,0
DA:80,0
DA:81,0
DA:83,0
DA:86,0
DA:88,0
DA:89,0
DA:91,0
DA:92,0
DA:94,0
DA:95,0
DA:97,0
DA:98,0
DA:100,0
DA:101,0
DA:103,0
DA:106,0
DA:108,0
DA:109,0
DA:111,0
DA:112,0
DA:114,0
DA:115,0
DA:117,0
DA:118,0
DA:120,0
DA:121,0
DA:123,0
DA:126,0
DA:127,0
LF:56
LH:1
BRDA:9,0,0,0
BRDA:9,1,0,0
BRDA:9,2,0,0
BRDA:12,3,0,0
BRDA:12,3,1,0
BRDA:12,4,0,0
BRDA:12,4,1,0
BRDA:13,5,0,0
BRDA:13,5,1,0
BRDA:43,6,0,0
BRDA:43,6,1,0
BRDA:44,7,0,0
BRDA:44,7,1,0
BRDA:44,7,2,0
BRDA:44,7,3,0
BRDA:44,7,4,0
BRDA:46,8,0,0
BRDA:46,8,1,0
BRDA:46,8,2,0
BRDA:46,8,3,0
BRDA:46,8,4,0
BRDA:66,9,0,0
BRDA:66,9,1,0
BRDA:66,9,2,0
BRDA:66,9,3,0
BRDA:66,9,4,0
BRDA:86,10,0,0
BRDA:86,10,1,0
BRDA:86,10,2,0
BRDA:86,10,3,0
BRDA:86,10,4,0
BRDA:106,11,0,0
BRDA:106,11,1,0
BRDA:106,11,2,0
BRDA:106,11,3,0
BRDA:106,11,4,0
BRF:36
BRH:0
end_of_record
TN:
SF:src/tests/application/domain/EntityModel/CanineProfileModelTest.js
FN:2,(anonymous_0)
FN:9,(anonymous_1)
FN:11,(anonymous_2)
FN:12,(anonymous_3)
FN:19,(anonymous_4)
FN:23,(anonymous_5)
FN:24,(anonymous_6)
FN:30,(anonymous_7)
FN:32,(anonymous_8)
FN:33,(anonymous_9)
FN:36,(anonymous_10)
FNF:11
FNH:5
FNDA:1,(anonymous_0)
FNDA:2,(anonymous_1)
FNDA:5,(anonymous_2)
FNDA:10,(anonymous_3)
FNDA:1,(anonymous_4)
FNDA:0,(anonymous_5)
FNDA:0,(anonymous_6)
FNDA:0,(anonymous_7)
FNDA:0,(anonymous_8)
FNDA:0,(anonymous_9)
FNDA:0,(anonymous_10)
DA:3,1
DA:11,2
DA:12,5
DA:13,10
DA:16,2
DA:20,1
DA:24,0
DA:25,0
DA:26,0
DA:27,0
DA:31,0
DA:32,0
DA:33,0
DA:34,0
DA:35,0
DA:36,0
DA:37,0
DA:43,0
LF:18
LH:6
BRDA:13,0,0,2
BRDA:13,0,1,8
BRDA:25,1,0,0
BRDA:25,1,1,0
BRDA:34,2,0,0
BRDA:34,2,1,0
BRF:6
BRH:2
end_of_record
TN:
SF:src/tests/application/domain/EntityModel/RoomModelTest.js
FN:2,(anonymous_0)
FN:23,(anonymous_1)
FN:25,(anonymous_2)
FN:26,(anonymous_3)
FN:33,(anonymous_4)
FN:34,(anonymous_5)
FN:37,(anonymous_6)
FN:41,(anonymous_7)
FN:43,(anonymous_8)
FN:44,(anonymous_9)
FN:47,(anonymous_10)
FNF:11
FNH:10
FNDA:1,(anonymous_0)
FNDA:2,(anonymous_1)
FNDA:8,(anonymous_2)
FNDA:8,(anonymous_3)
FNDA:7,(anonymous_4)
FNDA:7,(anonymous_5)
FNDA:0,(anonymous_6)
FNDA:1,(anonymous_7)
FNDA:4,(anonymous_8)
FNDA:4,(anonymous_9)
FNDA:1,(anonymous_10)
DA:3,1
DA:25,2
DA:26,8
DA:27,8
DA:30,2
DA:34,7
DA:38,0
DA:42,1
DA:43,1
DA:44,4
DA:45,4
DA:46,1
DA:47,1
DA:48,1
DA:54,1
LF:15
LH:14
BRDA:27,0,0,1
BRDA:27,0,1,7
BRDA:45,1,0,1
BRDA:45,1,1,3
BRF:4
BRH:4
end_of_record
TN:
SF:src/tests/application/domain/EntityModel/UserModelTest.js
FN:2,(anonymous_0)
FN:6,(anonymous_1)
FN:8,(anonymous_2)
FN:9,(anonymous_3)
FN:16,(anonymous_4)
FN:20,(anonymous_5)
FN:21,(anonymous_6)
FN:24,(anonymous_7)
FN:25,(anonymous_8)
FN:31,(anonymous_9)
FN:33,(anonymous_10)
FN:34,(anonymous_11)
FN:37,(anonymous_12)
FNF:13
FNH:13
FNDA:1,(anonymous_0)
FNDA:2,(anonymous_1)
FNDA:3,(anonymous_2)
FNDA:3,(anonymous_3)
FNDA:1,(anonymous_4)
FNDA:5,(anonymous_5)
FNDA:7,(anonymous_6)
FNDA:1,(anonymous_7)
FNDA:1,(anonymous_8)
FNDA:1,(anonymous_9)
FNDA:2,(anonymous_10)
FNDA:2,(anonymous_11)
FNDA:2,(anonymous_12)
DA:3,1
DA:8,2
DA:9,3
DA:10,3
DA:13,2
DA:17,1
DA:21,7
DA:25,1
DA:26,1
DA:27,1
DA:28,1
DA:32,1
DA:33,1
DA:34,2
DA:35,2
DA:36,1
DA:37,1
DA:38,2
DA:44,1
LF:19
LH:19
BRDA:10,0,0,1
BRDA:10,0,1,2
BRDA:26,1,0,0
BRDA:26,1,1,1
BRDA:35,2,0,1
BRDA:35,2,1,1
BRF:6
BRH:5
end_of_record
